2021-09-08 21:49:08,273 - __main__ - DEBUG - DEBUG 信息
2021-09-08 21:49:08,273 - __main__ - INFO - INFO信息
2021-09-08 21:49:08,273 - __main__ - WARNING - WARNING 信息
2021-09-08 21:49:08,273 - __main__ - ERROR - ERROR 信息
2021-09-08 21:49:08,273 - __main__ - CRITICAL - CRITICAL 信息
2021-09-08 22:01:50,427 - __main__ - INFO - 程序启动.......
2021-09-08 22:01:50,427 - __main__ - DEBUG - DEBUG 信息
2021-09-08 22:01:50,427 - __main__ - INFO - INFO信息
2021-09-08 22:01:50,427 - __main__ - WARNING - WARNING 信息
2021-09-08 22:01:50,427 - __main__ - ERROR - ERROR 信息
2021-09-08 22:01:50,427 - __main__ - CRITICAL - CRITICAL 信息
2021-09-08 22:01:52,819 - __main__ - INFO - ||刘健全:出勤5天,共140板,另加67件,总共27787件.
2021-09-08 22:01:52,826 - __main__ - INFO - ||瞿明:出勤5天,共171板,另加91件,总共33949件.
2021-09-08 22:01:52,828 - __main__ - INFO - ||黄伟林:出勤2天,共62板,另加91件,总共12367件.
2021-09-08 22:01:52,829 - __main__ - INFO - ||盛文明:出勤2天,共60板,另加46件,总共11926件.
2021-09-08 22:01:52,830 - __main__ - INFO - 本月累计总件数：86029件。
2021-09-08 22:04:12,670 - __main__ - INFO - 程序启动.......
2021-09-08 22:04:12,670 - __main__ - DEBUG - DEBUG 信息
2021-09-08 22:04:12,670 - __main__ - INFO - INFO信息
2021-09-08 22:04:12,670 - __main__ - WARNING - WARNING 信息
2021-09-08 22:04:12,670 - __main__ - ERROR - ERROR 信息
2021-09-08 22:04:12,670 - __main__ - CRITICAL - CRITICAL 信息
2021-09-08 22:04:14,666 - __main__ - INFO - ||刘健全:出勤5天,共140板,另加67件,总共27787件.
2021-09-08 22:04:14,667 - __main__ - INFO - ||瞿明:出勤5天,共171板,另加91件,总共33949件.
2021-09-08 22:04:14,667 - __main__ - INFO - ||黄伟林:出勤2天,共62板,另加91件,总共12367件.
2021-09-08 22:04:14,667 - __main__ - INFO - ||盛文明:出勤2天,共60板,另加46件,总共11926件.
2021-09-08 22:04:14,668 - __main__ - INFO - 本月累计总件数：86029件。
2021-09-08 22:04:35,471 - __main__ - INFO - 程序启动.......
2021-09-08 22:04:35,471 - __main__ - DEBUG - DEBUG 信息
2021-09-08 22:04:35,471 - __main__ - INFO - INFO信息
2021-09-08 22:04:35,471 - __main__ - WARNING - WARNING 信息
2021-09-08 22:04:35,471 - __main__ - ERROR - ERROR 信息
2021-09-08 22:04:35,471 - __main__ - CRITICAL - CRITICAL 信息
2021-09-08 22:04:38,081 - __main__ - INFO - ||刘健全:出勤5天,共140板,另加67件,总共27787件.
2021-09-08 22:04:38,082 - __main__ - INFO - ||瞿明:出勤5天,共171板,另加91件,总共33949件.
2021-09-08 22:04:38,082 - __main__ - INFO - ||黄伟林:出勤2天,共62板,另加91件,总共12367件.
2021-09-08 22:04:38,083 - __main__ - INFO - ||盛文明:出勤2天,共60板,另加46件,总共11926件.
2021-09-08 22:04:38,084 - __main__ - INFO - 本月累计总件数：86029件。
2021-09-08 22:04:38,084 - __main__ - INFO - Program is over. Later this windows should be close.
2021-09-08 22:13:07,110 - __main__ - INFO - 程序启动.......
2021-09-08 22:13:07,110 - __main__ - DEBUG - DEBUG 信息
2021-09-08 22:13:07,110 - __main__ - INFO - INFO信息
2021-09-08 22:13:07,110 - __main__ - WARNING - WARNING 信息
2021-09-08 22:13:07,110 - __main__ - ERROR - ERROR 信息
2021-09-08 22:13:07,110 - __main__ - CRITICAL - CRITICAL 信息
2021-09-08 22:13:49,608 - __main__ - INFO - 程序启动.......
2021-09-08 22:13:49,608 - __main__ - DEBUG - DEBUG 信息
2021-09-08 22:13:49,608 - __main__ - INFO - INFO信息
2021-09-08 22:13:49,608 - __main__ - WARNING - WARNING 信息
2021-09-08 22:13:49,608 - __main__ - ERROR - ERROR 信息
2021-09-08 22:13:49,608 - __main__ - CRITICAL - CRITICAL 信息
2021-09-08 22:13:49,626 - __main__ - INFO - 2021-09-08开始数据录入业务操作。
2021-09-08 22:13:51,746 - __main__ - INFO - ||刘健全:出勤5天,共140板,另加67件,总共27787件.
2021-09-08 22:13:51,746 - __main__ - INFO - ||瞿明:出勤5天,共171板,另加91件,总共33949件.
2021-09-08 22:13:51,747 - __main__ - INFO - ||黄伟林:出勤2天,共62板,另加91件,总共12367件.
2021-09-08 22:13:51,747 - __main__ - INFO - ||盛文明:出勤2天,共60板,另加46件,总共11926件.
2021-09-08 22:13:51,748 - __main__ - INFO - 本月累计总件数：86029件。
2021-09-08 22:13:51,748 - __main__ - INFO - 今日所有翻堆数据均已成功入库，程序结束。
2021-09-08 22:13:51,749 - __main__ - INFO - Program is over. Later this windows should be close.
2021-09-08 22:24:15,256 - __main__ - INFO - 程序启动.......
2021-09-08 22:24:15,256 - __main__ - DEBUG - DEBUG 信息
2021-09-08 22:24:15,256 - __main__ - INFO - INFO信息
2021-09-08 22:24:15,256 - __main__ - WARNING - WARNING 信息
2021-09-08 22:24:15,256 - __main__ - ERROR - ERROR 信息
2021-09-08 22:24:15,256 - __main__ - CRITICAL - CRITICAL 信息
2021-09-08 22:24:15,270 - __main__ - INFO - 2021-09-08开始数据录入业务操作。
2021-09-08 22:24:17,886 - __main__ - INFO - 今天录入的数据如下,请仔细核对！
2021-09-08 22:24:17,887 - __main__ - INFO - 今天个人总件数合计：24524件。
2021-09-08 22:24:17,887 - __main__ - INFO - 9月份翻堆组个人累计数据汇总如下：
2021-09-08 22:24:17,889 - __main__ - INFO - ||刘健全:出勤5天,共140板,另加67件,总共27787件.
2021-09-08 22:24:17,889 - __main__ - INFO - ||瞿明:出勤5天,共171板,另加91件,总共33949件.
2021-09-08 22:24:17,889 - __main__ - INFO - ||黄伟林:出勤2天,共62板,另加91件,总共12367件.
2021-09-08 22:24:17,890 - __main__ - INFO - ||盛文明:出勤2天,共60板,另加46件,总共11926件.
2021-09-08 22:24:17,891 - __main__ - INFO - 本月累计总件数：86029件。
2021-09-08 22:24:17,891 - __main__ - INFO - 今日所有翻堆数据均已成功入库，程序结束。
2021-09-08 22:24:17,891 - __main__ - INFO - Program is over. Later this windows should be close.
2021-09-09 15:17:32,025 - __main__ - INFO - 程序启动.......
2021-09-09 15:17:32,027 - __main__ - ERROR - ERROR 信息
2021-09-09 15:17:32,064 - __main__ - INFO - 2021-09-09开始数据录入业务操作。
2021-09-09 15:19:00,521 - __main__ - INFO - 程序启动.......
2021-09-09 15:19:00,521 - __main__ - ERROR - ERROR 信息
2021-09-09 15:19:00,551 - __main__ - INFO - 2021-09-09开始数据录入业务操作。
2021-09-09 15:19:04,117 - __main__ - INFO - 开始录入第1人的翻堆数据......
2021-09-09 15:19:20,887 - __main__ - INFO - 成功插入第1条数据到后台数据库
2021-09-09 15:19:20,888 - __main__ - INFO - 开始录入第2人的翻堆数据......
2021-09-09 15:20:43,709 - __main__ - INFO - 成功插入第2条数据到后台数据库
2021-09-09 15:20:43,709 - __main__ - INFO - 开始录入第3人的翻堆数据......
2021-09-09 15:21:58,130 - __main__ - INFO - 成功插入第3条数据到后台数据库
2021-09-09 15:21:58,130 - __main__ - INFO - 开始录入第4人的翻堆数据......
2021-09-09 15:22:38,667 - __main__ - INFO - 成功插入第4条数据到后台数据库
2021-09-09 15:22:38,669 - __main__ - INFO - 今天录入的数据如下,请仔细核对！
2021-09-09 15:22:38,670 - __main__ - INFO - 今天个人总件数合计：24754件。
2021-09-09 15:22:38,671 - __main__ - INFO - 9月份翻堆组个人累计数据汇总如下：
2021-09-09 15:22:38,675 - __main__ - INFO - ||刘健全:出勤6天,共169板,另加67件,总共33529件.
2021-09-09 15:22:38,675 - __main__ - INFO - ||瞿明:出勤6天,共211板,另加134件,总共41912件.
2021-09-09 15:22:38,676 - __main__ - INFO - ||黄伟林:出勤3天,共98板,另加52件,总共19456件.
2021-09-09 15:22:38,676 - __main__ - INFO - ||盛文明:出勤3天,共80板,另加46件,总共15886件.
2021-09-09 15:22:38,677 - __main__ - INFO - 本月累计总件数：110783件。
2021-09-09 15:22:38,678 - __main__ - INFO - 今日所有翻堆数据均已成功入库，程序结束。
2021-09-09 15:22:38,678 - __main__ - INFO - Program is over. Later this windows should be close.
2021-09-09 15:59:22,464 - __main__ - INFO - 程序启动.......
2021-09-09 15:59:22,492 - __main__ - INFO - 2021-09-09开始数据录入业务操作。
2021-09-09 15:59:25,365 - __main__ - INFO - 今天录入的数据如下,请仔细核对！
2021-09-09 15:59:25,365 - __main__ - INFO - (16, '2021-09-09', '盛文明', 20, '0', 20, '', 3960)
2021-09-09 15:59:25,366 - __main__ - INFO - (17, '2021-09-09', '刘健全', 29, '0', 29, '', 5742)
2021-09-09 15:59:25,366 - __main__ - INFO - (18, '2021-09-09', '黄伟林', 35, '159', 34, '31,166,142,18', 7089)
2021-09-09 15:59:25,366 - __main__ - INFO - (19, '2021-09-09', '瞿明', 40, '43', 40, '43', 7963)
2021-09-09 15:59:25,366 - __main__ - INFO - 今天个人总件数合计：24754件。
2021-09-09 15:59:25,366 - __main__ - INFO - 9月份翻堆组个人累计数据汇总如下：
2021-09-09 15:59:25,367 - __main__ - INFO - ||刘健全:出勤6天,共169板,另加67件,总共33529件.
2021-09-09 15:59:25,367 - __main__ - INFO - ||瞿明:出勤6天,共211板,另加134件,总共41912件.
2021-09-09 15:59:25,367 - __main__ - INFO - ||黄伟林:出勤3天,共98板,另加52件,总共19456件.
2021-09-09 15:59:25,367 - __main__ - INFO - ||盛文明:出勤3天,共80板,另加46件,总共15886件.
2021-09-09 15:59:25,368 - __main__ - INFO - ('刘健全', 6, Decimal('167'), 463.0, Decimal('33529'))
2021-09-09 15:59:25,368 - __main__ - INFO - ('瞿明', 6, Decimal('209'), 530.0, Decimal('41912'))
2021-09-09 15:59:25,368 - __main__ - INFO - ('黄伟林', 3, Decimal('97'), 250.0, Decimal('19456'))
2021-09-09 15:59:25,369 - __main__ - INFO - ('盛文明', 3, Decimal('79'), 244.0, Decimal('15886'))
2021-09-09 15:59:25,369 - __main__ - INFO - 本月累计总件数：110783件。
2021-09-09 15:59:25,369 - __main__ - INFO - 今日所有翻堆数据均已成功入库，程序结束。
2021-09-09 15:59:25,369 - __main__ - INFO - Program is over. Later this windows should be close.
2021-09-10 11:46:39,969 - __main__ - INFO - 程序启动.......
2021-09-10 11:46:40,004 - __main__ - INFO - 2021-09-10开始数据录入业务操作。
2021-09-10 11:46:40,004 - __main__ - WARNING - 今天尚未录入任何生产数据！
2021-09-10 11:46:42,143 - __main__ - INFO - 开始录入第1人的翻堆数据......
2021-09-10 11:46:59,077 - __main__ - INFO - 姓名：瞿明
2021-09-10 11:47:03,295 - __main__ - INFO - 板数：38
2021-09-10 11:47:06,695 - __main__ - INFO - 散件：
2021-09-10 11:47:06,695 - __main__ - INFO - 记录信息：1 2021-09-10 瞿明 38 0 38 
2021-09-10 11:47:06,704 - __main__ - INFO - 成功插入第1条数据到后台数据库
2021-09-10 11:47:06,704 - __main__ - INFO - 开始录入第2人的翻堆数据......
2021-09-10 11:47:17,741 - __main__ - INFO - 姓名：黄伟林
2021-09-10 11:47:21,153 - __main__ - INFO - 板数：30
2021-09-10 11:47:41,725 - __main__ - INFO - 散件：82,196,19
2021-09-10 11:47:41,725 - __main__ - INFO - 记录信息：1 2021-09-10 黄伟林 31 99 30 82,196,19
2021-09-10 11:47:41,738 - __main__ - INFO - 成功插入第2条数据到后台数据库
2021-09-10 11:47:41,738 - __main__ - INFO - 开始录入第3人的翻堆数据......
2021-09-10 11:48:21,602 - __main__ - INFO - 姓名：盛文明
2021-09-10 11:48:24,856 - __main__ - INFO - 板数：34
2021-09-10 11:48:28,817 - __main__ - INFO - 散件：17
2021-09-10 11:48:28,817 - __main__ - INFO - 记录信息：1 2021-09-10 盛文明 34 17 34 17
2021-09-10 11:48:28,837 - __main__ - INFO - 成功插入第3条数据到后台数据库
2021-09-10 11:48:28,837 - __main__ - INFO - 开始录入第4人的翻堆数据......
2021-09-10 11:48:37,770 - __main__ - INFO - 姓名：刘健全
2021-09-10 11:48:41,625 - __main__ - INFO - 板数：24
2021-09-10 11:48:45,499 - __main__ - INFO - 散件：80
2021-09-10 11:48:45,511 - __main__ - INFO - 记录信息：1 2021-09-10 刘健全 24 80 24 80
2021-09-10 11:48:45,521 - __main__ - INFO - 成功插入第4条数据到后台数据库
2021-09-10 11:48:45,521 - __main__ - INFO - 今天录入的数据如下,请仔细核对！
2021-09-10 11:48:45,521 - __main__ - INFO - (20, '2021-09-10', '瞿明', 38, '0', 38, '', 7524)
2021-09-10 11:48:45,521 - __main__ - INFO - (21, '2021-09-10', '黄伟林', 31, '99', 30, '82,196,19', 6237)
2021-09-10 11:48:45,529 - __main__ - INFO - (22, '2021-09-10', '盛文明', 34, '17', 34, '17', 6749)
2021-09-10 11:48:45,529 - __main__ - INFO - (23, '2021-09-10', '刘健全', 24, '80', 24, '80', 4832)
2021-09-10 11:48:45,529 - __main__ - INFO - 今天个人总件数合计：25342件。
2021-09-10 11:48:45,529 - __main__ - INFO - 9月份翻堆组个人累计数据汇总如下：
2021-09-10 11:48:45,537 - __main__ - INFO - ||刘健全:出勤7天,共193板,另加147件,总共38361件.
2021-09-10 11:48:45,537 - __main__ - INFO - ||瞿明:出勤7天,共249板,另加134件,总共49436件.
2021-09-10 11:48:45,537 - __main__ - INFO - ||黄伟林:出勤4天,共129板,另加151件,总共25693件.
2021-09-10 11:48:45,537 - __main__ - INFO - ||盛文明:出勤4天,共114板,另加63件,总共22635件.
2021-09-10 11:48:45,537 - __main__ - INFO - ('刘健全', 7, Decimal('191'), 543.0, Decimal('38361'))
2021-09-10 11:48:45,537 - __main__ - INFO - ('瞿明', 7, Decimal('247'), 530.0, Decimal('49436'))
2021-09-10 11:48:45,545 - __main__ - INFO - ('黄伟林', 4, Decimal('128'), 349.0, Decimal('25693'))
2021-09-10 11:48:45,545 - __main__ - INFO - ('盛文明', 4, Decimal('113'), 261.0, Decimal('22635'))
2021-09-10 11:48:45,545 - __main__ - INFO - 本月累计总件数：136125件。
2021-09-10 11:48:45,545 - __main__ - INFO - 今日所有翻堆数据均已成功入库，程序结束。
2021-09-10 11:48:45,545 - __main__ - INFO - Program is over. Later this windows should be close.
2021-09-10 11:51:06,675 - __main__ - INFO - 程序启动.......
2021-09-10 11:51:06,700 - __main__ - INFO - 2021-09-10开始数据录入业务操作。
2021-09-10 11:51:09,067 - __main__ - INFO - 今天录入的数据如下,请仔细核对！
2021-09-10 11:51:09,067 - __main__ - INFO - (20, '2021-09-10', '瞿明', 38, '0', 38, '', 7524)
2021-09-10 11:51:09,067 - __main__ - INFO - (21, '2021-09-10', '黄伟林', 31, '99', 30, '82,196,19', 6237)
2021-09-10 11:51:09,067 - __main__ - INFO - (22, '2021-09-10', '盛文明', 34, '17', 34, '17', 6749)
2021-09-10 11:51:09,067 - __main__ - INFO - (23, '2021-09-10', '刘健全', 24, '80', 24, '80', 4832)
2021-09-10 11:51:09,067 - __main__ - INFO - 今天个人总件数合计：25342件。
2021-09-10 11:51:09,067 - __main__ - INFO - 9月份翻堆组个人累计数据汇总如下：
2021-09-10 11:51:09,067 - __main__ - INFO - ||刘健全:出勤7天,共193板,另加147件,总共38361件.
2021-09-10 11:51:09,067 - __main__ - INFO - ||瞿明:出勤7天,共249板,另加134件,总共49436件.
2021-09-10 11:51:09,067 - __main__ - INFO - ||盛文明:出勤4天,共114板,另加63件,总共22635件.
2021-09-10 11:51:09,067 - __main__ - INFO - ||黄伟林:出勤4天,共129板,另加151件,总共25693件.
2021-09-10 11:51:09,067 - __main__ - INFO - ('刘健全', 7, Decimal('191'), 543.0, Decimal('38361'))
2021-09-10 11:51:09,067 - __main__ - INFO - ('瞿明', 7, Decimal('247'), 530.0, Decimal('49436'))
2021-09-10 11:51:09,067 - __main__ - INFO - ('盛文明', 4, Decimal('113'), 261.0, Decimal('22635'))
2021-09-10 11:51:09,067 - __main__ - INFO - ('黄伟林', 4, Decimal('128'), 349.0, Decimal('25693'))
2021-09-10 11:51:09,067 - __main__ - INFO - 本月累计总件数：136125件。
2021-09-10 11:51:09,067 - __main__ - INFO - 今日所有翻堆数据均已成功入库，程序结束。
2021-09-10 11:51:09,067 - __main__ - INFO - Program is over. Later this windows should be close.
2021-09-11 11:57:49,232 - __main__ - INFO - 程序启动.......
2021-09-11 11:57:49,248 - __main__ - INFO - 2021-09-11开始数据录入业务操作。
2021-09-11 11:57:49,256 - __main__ - WARNING - 今天尚未录入任何生产数据！
2021-09-11 11:58:00,438 - __main__ - INFO - 开始录入第1人的翻堆数据......
2021-09-11 12:00:03,300 - __main__ - INFO - 姓名：瞿明
2021-09-11 12:00:05,979 - __main__ - INFO - 板数：38
2021-09-11 12:00:08,656 - __main__ - INFO - 散件：
2021-09-11 12:00:08,656 - __main__ - INFO - 记录信息：1 2021-09-11 瞿明 38 0 38 
2021-09-11 12:00:08,665 - __main__ - INFO - 成功插入第1条数据到后台数据库
2021-09-11 12:00:08,665 - __main__ - INFO - 开始录入第2人的翻堆数据......
2021-09-11 12:00:15,815 - __main__ - INFO - 姓名：盛文明
2021-09-11 12:01:20,153 - __main__ - INFO - 板数：36
2021-09-11 12:01:25,246 - __main__ - INFO - 散件：173
2021-09-11 12:01:25,246 - __main__ - INFO - 记录信息：2 2021-09-11 盛文明 36 173 36 173
2021-09-11 12:01:25,259 - __main__ - INFO - 成功插入第2条数据到后台数据库
2021-09-11 12:01:25,259 - __main__ - INFO - 开始录入第3人的翻堆数据......
2021-09-11 12:01:40,885 - __main__ - INFO - 姓名：黄伟林
2021-09-11 12:01:48,402 - __main__ - INFO - 板数：35
2021-09-11 12:01:54,474 - __main__ - INFO - 散件：34
2021-09-11 12:01:54,474 - __main__ - INFO - 记录信息：3 2021-09-11 黄伟林 35 34 35 34
2021-09-11 12:01:54,485 - __main__ - INFO - 成功插入第3条数据到后台数据库
2021-09-11 12:01:54,485 - __main__ - INFO - 开始录入第4人的翻堆数据......
2021-09-11 12:02:10,551 - __main__ - INFO - 姓名：刘国亮
2021-09-11 12:02:17,703 - __main__ - INFO - 板数：29
2021-09-11 12:02:27,746 - __main__ - INFO - 散件：76,60
2021-09-11 12:02:27,755 - __main__ - INFO - 记录信息：4 2021-09-11 刘国亮 29 136 29 76,60
2021-09-11 12:02:27,767 - __main__ - INFO - 成功插入第4条数据到后台数据库
2021-09-11 12:02:27,775 - __main__ - INFO - 开始录入第5人的翻堆数据......
2021-09-11 12:02:37,883 - __main__ - INFO - 姓名：刘健全
2021-09-11 12:02:40,824 - __main__ - INFO - 板数：31
2021-09-11 12:02:54,881 - __main__ - INFO - 散件：72,164,106
2021-09-11 12:02:54,887 - __main__ - INFO - 记录信息：5 2021-09-11 刘健全 32 144 31 72,164,106
2021-09-11 12:02:54,895 - __main__ - INFO - 成功插入第5条数据到后台数据库
2021-09-11 12:02:54,900 - __main__ - INFO - 今天录入的数据如下,请仔细核对！
2021-09-11 12:02:54,902 - __main__ - INFO - (24, '2021-09-11', '瞿明', 38, '0', 38, '', 7524)
2021-09-11 12:02:54,902 - __main__ - INFO - (25, '2021-09-11', '盛文明', 36, '173', 36, '173', 7301)
2021-09-11 12:02:54,902 - __main__ - INFO - (26, '2021-09-11', '黄伟林', 35, '34', 35, '34', 6964)
2021-09-11 12:02:54,902 - __main__ - INFO - (27, '2021-09-11', '刘国亮', 29, '136', 29, '76,60', 5878)
2021-09-11 12:02:54,902 - __main__ - INFO - (28, '2021-09-11', '刘健全', 32, '144', 31, '72,164,106', 6480)
2021-09-11 12:02:54,902 - __main__ - INFO - 今天个人总件数合计：34147件。
2021-09-11 12:02:54,902 - __main__ - INFO - 9月份翻堆组个人累计数据汇总如下：
2021-09-11 12:02:54,910 - __main__ - INFO - ||刘健全:出勤8天,共226板,另加93件,总共44841件.
2021-09-11 12:02:54,918 - __main__ - INFO - ||瞿明:出勤8天,共287板,另加134件,总共56960件.
2021-09-11 12:02:54,918 - __main__ - INFO - ||黄伟林:出勤5天,共164板,另加185件,总共32657件.
2021-09-11 12:02:54,918 - __main__ - INFO - ||盛文明:出勤5天,共151板,另加38件,总共29936件.
2021-09-11 12:02:54,918 - __main__ - INFO - ||刘国亮:出勤1天,共29板,另加136件,总共5878件.
2021-09-11 12:02:54,918 - __main__ - INFO - ('刘健全', 8, Decimal('223'), 687.0, Decimal('44841'))
2021-09-11 12:02:54,918 - __main__ - INFO - ('瞿明', 8, Decimal('285'), 530.0, Decimal('56960'))
2021-09-11 12:02:54,918 - __main__ - INFO - ('黄伟林', 5, Decimal('163'), 383.0, Decimal('32657'))
2021-09-11 12:02:54,918 - __main__ - INFO - ('盛文明', 5, Decimal('149'), 434.0, Decimal('29936'))
2021-09-11 12:02:54,918 - __main__ - INFO - ('刘国亮', 1, Decimal('29'), 136.0, Decimal('5878'))
2021-09-11 12:02:54,918 - __main__ - INFO - 本月累计总件数：170272件。
2021-09-11 12:02:54,918 - __main__ - INFO - 今日所有翻堆数据均已成功入库，程序结束。
2021-09-11 12:02:54,918 - __main__ - INFO - Program is over. Later this windows should be close.
2021-09-12 13:21:21,053 - __main__ - INFO - 程序启动.......
2021-09-12 13:21:21,083 - __main__ - INFO - 2021-09-12开始数据录入业务操作。
2021-09-12 13:21:21,099 - __main__ - WARNING - 今天尚未录入任何生产数据！
2021-09-12 13:21:24,964 - __main__ - INFO - 开始录入第1人的翻堆数据......
2021-09-12 13:21:35,734 - __main__ - INFO - 姓名：盛文明
2021-09-12 13:21:38,596 - __main__ - INFO - 板数：41
2021-09-12 13:21:41,490 - __main__ - INFO - 散件：3
2021-09-12 13:21:41,490 - __main__ - INFO - 记录信息：1 2021-09-12 盛文明 41 3 41 3
2021-09-12 13:21:41,498 - __main__ - INFO - 成功插入第1条数据到后台数据库
2021-09-12 13:21:41,498 - __main__ - INFO - 开始录入第2人的翻堆数据......
2021-09-12 13:21:51,190 - __main__ - INFO - 姓名：黄伟林
2021-09-12 13:22:20,703 - __main__ - INFO - 板数：41
2021-09-12 13:22:24,254 - __main__ - INFO - 散件：188
2021-09-12 13:22:24,254 - __main__ - INFO - 记录信息：2 2021-09-12 黄伟林 41 188 41 188
2021-09-12 13:22:24,262 - __main__ - INFO - 成功插入第2条数据到后台数据库
2021-09-12 13:22:24,262 - __main__ - INFO - 开始录入第3人的翻堆数据......
2021-09-12 13:22:41,176 - __main__ - INFO - 姓名：刘国亮
2021-09-12 13:22:47,359 - __main__ - INFO - 板数：33
2021-09-12 13:23:43,213 - __main__ - INFO - 散件：51,33,147
2021-09-12 13:23:43,214 - __main__ - INFO - 记录信息：3 2021-09-12 刘国亮 34 33 33 51,33,147
2021-09-12 13:23:43,217 - __main__ - INFO - 成功插入第3条数据到后台数据库
2021-09-12 13:23:43,217 - __main__ - INFO - 开始录入第4人的翻堆数据......
2021-09-12 13:23:56,701 - __main__ - INFO - 姓名：刘健全
2021-09-12 13:24:01,682 - __main__ - INFO - 板数：34
2021-09-12 13:24:02,314 - __main__ - INFO - 散件：
2021-09-12 13:24:02,328 - __main__ - INFO - 记录信息：4 2021-09-12 刘健全 34 0 34 
2021-09-12 13:24:02,328 - __main__ - INFO - 成功插入第4条数据到后台数据库
2021-09-12 13:24:02,336 - __main__ - INFO - 今天录入的数据如下,请仔细核对！
2021-09-12 13:24:02,336 - __main__ - INFO - (29, '2021-09-12', '盛文明', 41, '3', 41, '3', 8121)
2021-09-12 13:24:02,336 - __main__ - INFO - (30, '2021-09-12', '黄伟林', 41, '188', 41, '188', 8306)
2021-09-12 13:24:02,336 - __main__ - INFO - (31, '2021-09-12', '刘国亮', 34, '33', 33, '51,33,147', 6765)
2021-09-12 13:24:02,336 - __main__ - INFO - (32, '2021-09-12', '刘健全', 34, '0', 34, '', 6732)
2021-09-12 13:24:02,336 - __main__ - INFO - 今天个人总件数合计：29924件。
2021-09-12 13:24:02,336 - __main__ - INFO - 9月份翻堆组个人累计数据汇总如下：
2021-09-12 13:24:02,344 - __main__ - INFO - ||刘健全:出勤9天,共260板,另加93件,总共51573件.
2021-09-12 13:24:02,344 - __main__ - INFO - ||瞿明:出勤8天,共287板,另加134件,总共56960件.
2021-09-12 13:24:02,344 - __main__ - INFO - ||黄伟林:出勤6天,共206板,另加175件,总共40963件.
2021-09-12 13:24:02,344 - __main__ - INFO - ||盛文明:出勤6天,共192板,另加41件,总共38057件.
2021-09-12 13:24:02,344 - __main__ - INFO - ||刘国亮:出勤2天,共63板,另加169件,总共12643件.
2021-09-12 13:24:02,344 - __main__ - INFO - ('刘健全', 9, Decimal('257'), 687.0, Decimal('51573'))
2021-09-12 13:24:02,344 - __main__ - INFO - ('瞿明', 8, Decimal('285'), 530.0, Decimal('56960'))
2021-09-12 13:24:02,344 - __main__ - INFO - ('黄伟林', 6, Decimal('204'), 571.0, Decimal('40963'))
2021-09-12 13:24:02,344 - __main__ - INFO - ('盛文明', 6, Decimal('190'), 437.0, Decimal('38057'))
2021-09-12 13:24:02,344 - __main__ - INFO - ('刘国亮', 2, Decimal('63'), 169.0, Decimal('12643'))
2021-09-12 13:24:02,344 - __main__ - INFO - 本月累计总件数：200196件。
2021-09-12 13:24:02,352 - __main__ - INFO - 今日所有翻堆数据均已成功入库，程序结束。
2021-09-12 13:24:02,352 - __main__ - INFO - Program is over. Later this windows should be close.
2021-09-13 12:44:44,209 - __main__ - INFO - 程序启动.......
2021-09-13 12:44:44,241 - __main__ - INFO - 2021-09-13开始数据录入业务操作。
2021-09-13 12:44:44,257 - __main__ - WARNING - 今天尚未录入任何生产数据！
2021-09-13 12:44:51,265 - __main__ - INFO - 开始录入第1人的翻堆数据......
2021-09-13 12:44:58,950 - __main__ - INFO - 姓名：盛文明
2021-09-13 12:45:03,297 - __main__ - INFO - 板数：8
2021-09-13 12:45:03,861 - __main__ - INFO - 散件：
2021-09-13 12:45:03,861 - __main__ - INFO - 记录信息：1 2021-09-13 盛文明 8 0 8 
2021-09-13 12:45:03,877 - __main__ - INFO - 成功插入第1条数据到后台数据库
2021-09-13 12:45:03,877 - __main__ - INFO - 开始录入第2人的翻堆数据......
2021-09-13 12:45:12,081 - __main__ - INFO - 姓名：黄伟林
2021-09-13 12:45:17,169 - __main__ - INFO - 板数：40
2021-09-13 12:45:20,481 - __main__ - INFO - 散件：191
2021-09-13 12:45:20,485 - __main__ - INFO - 记录信息：2 2021-09-13 黄伟林 40 191 40 191
2021-09-13 12:45:20,492 - __main__ - INFO - 成功插入第2条数据到后台数据库
2021-09-13 12:45:20,492 - __main__ - INFO - 开始录入第3人的翻堆数据......
2021-09-13 12:45:31,821 - __main__ - INFO - 姓名：刘国亮
2021-09-13 12:45:35,250 - __main__ - INFO - 板数：35
2021-09-13 12:45:45,476 - __main__ - INFO - 散件：151
2021-09-13 12:45:45,476 - __main__ - INFO - 记录信息：3 2021-09-13 刘国亮 35 151 35 151
2021-09-13 12:45:45,483 - __main__ - INFO - 成功插入第3条数据到后台数据库
2021-09-13 12:45:45,483 - __main__ - INFO - 开始录入第4人的翻堆数据......
2021-09-13 12:45:57,303 - __main__ - INFO - 姓名：刘健全
2021-09-13 12:46:00,036 - __main__ - INFO - 板数：54
2021-09-13 12:46:02,554 - __main__ - INFO - 散件：51
2021-09-13 12:46:02,555 - __main__ - INFO - 记录信息：4 2021-09-13 刘健全 54 51 54 51
2021-09-13 12:46:02,555 - __main__ - INFO - 成功插入第4条数据到后台数据库
2021-09-13 12:46:02,555 - __main__ - INFO - 今天录入的数据如下,请仔细核对！
2021-09-13 12:46:02,555 - __main__ - INFO - (33, '2021-09-13', '盛文明', 8, '0', 8, '', 1584)
2021-09-13 12:46:02,555 - __main__ - INFO - (34, '2021-09-13', '黄伟林', 40, '191', 40, '191', 8111)
2021-09-13 12:46:02,555 - __main__ - INFO - (35, '2021-09-13', '刘国亮', 35, '151', 35, '151', 7081)
2021-09-13 12:46:02,555 - __main__ - INFO - (36, '2021-09-13', '刘健全', 54, '51', 54, '51', 10743)
2021-09-13 12:46:02,555 - __main__ - INFO - 今天个人总件数合计：27519件。
2021-09-13 12:46:02,555 - __main__ - INFO - 9月份翻堆组个人累计数据汇总如下：
2021-09-13 12:46:02,563 - __main__ - INFO - ||刘健全:出勤10天,共314板,另加144件,总共62316件.
2021-09-13 12:46:02,563 - __main__ - INFO - ||瞿明:出勤8天,共287板,另加134件,总共56960件.
2021-09-13 12:46:02,563 - __main__ - INFO - ||黄伟林:出勤7天,共247板,另加168件,总共49074件.
2021-09-13 12:46:02,563 - __main__ - INFO - ||盛文明:出勤7天,共200板,另加41件,总共39641件.
2021-09-13 12:46:02,563 - __main__ - INFO - ||刘国亮:出勤3天,共99板,另加122件,总共19724件.
2021-09-13 12:46:02,563 - __main__ - INFO - ('刘健全', 10, Decimal('311'), 738.0, Decimal('62316'))
2021-09-13 12:46:02,563 - __main__ - INFO - ('瞿明', 8, Decimal('285'), 530.0, Decimal('56960'))
2021-09-13 12:46:02,563 - __main__ - INFO - ('黄伟林', 7, Decimal('244'), 762.0, Decimal('49074'))
2021-09-13 12:46:02,563 - __main__ - INFO - ('盛文明', 7, Decimal('198'), 437.0, Decimal('39641'))
2021-09-13 12:46:02,563 - __main__ - INFO - ('刘国亮', 3, Decimal('98'), 320.0, Decimal('19724'))
2021-09-13 12:46:02,563 - __main__ - INFO - 本月累计总件数：227715件。
2021-09-13 12:46:02,563 - __main__ - INFO - 今日所有翻堆数据均已成功入库，程序结束。
2021-09-13 12:46:02,563 - __main__ - INFO - Program is over. Later this windows should be close.
2021-09-14 12:13:43,445 - __main__ - INFO - 程序启动.......
2021-09-14 12:13:43,477 - __main__ - INFO - 2021-09-14开始数据录入业务操作。
2021-09-14 12:13:43,493 - __main__ - WARNING - 今天尚未录入任何生产数据！
2021-09-14 12:13:55,046 - __main__ - INFO - 开始录入第1人的翻堆数据......
2021-09-14 12:14:02,934 - __main__ - INFO - 姓名：黄伟林
2021-09-14 12:14:05,474 - __main__ - INFO - 板数：50
2021-09-14 12:14:05,977 - __main__ - INFO - 散件：
2021-09-14 12:14:05,977 - __main__ - INFO - 记录信息：1 2021-09-14 黄伟林 50 0 50 
2021-09-14 12:14:05,988 - __main__ - INFO - 成功插入第1条数据到后台数据库
2021-09-14 12:14:05,988 - __main__ - INFO - 开始录入第2人的翻堆数据......
2021-09-14 12:14:12,110 - __main__ - INFO - 姓名：盛文明
2021-09-14 12:16:58,236 - __main__ - INFO - 程序启动.......
2021-09-14 12:16:58,252 - __main__ - INFO - 2021-09-14开始数据录入业务操作。
2021-09-14 12:17:01,934 - __main__ - INFO - 开始录入第2人的翻堆数据......
2021-09-14 12:17:15,604 - __main__ - INFO - 姓名：盛文明
2021-09-14 12:17:18,694 - __main__ - INFO - 板数：49
2021-09-14 12:17:19,858 - __main__ - INFO - 散件：
2021-09-14 12:17:19,858 - __main__ - INFO - 记录信息：2 2021-09-14 盛文明 49 0 49 
2021-09-14 12:17:19,858 - __main__ - INFO - 成功插入第2条数据到后台数据库
2021-09-14 12:17:19,858 - __main__ - INFO - 开始录入第3人的翻堆数据......
2021-09-14 12:17:44,280 - __main__ - INFO - 姓名：周振兴
2021-09-14 12:17:48,059 - __main__ - INFO - 板数：27
2021-09-14 12:17:48,561 - __main__ - INFO - 散件：
2021-09-14 12:17:48,561 - __main__ - INFO - 记录信息：3 2021-09-14 周振兴 27 0 27 
2021-09-14 12:17:48,581 - __main__ - INFO - 成功插入第3条数据到后台数据库
2021-09-14 12:17:48,581 - __main__ - INFO - 开始录入第4人的翻堆数据......
2021-09-14 12:18:01,800 - __main__ - INFO - 姓名：刘国亮
2021-09-14 12:18:08,778 - __main__ - INFO - 板数：46
2021-09-14 12:18:16,028 - __main__ - INFO - 散件：97,88
2021-09-14 12:18:16,039 - __main__ - INFO - 记录信息：4 2021-09-14 刘国亮 46 185 46 97,88
2021-09-14 12:18:16,048 - __main__ - INFO - 成功插入第4条数据到后台数据库
2021-09-14 12:18:16,048 - __main__ - INFO - 开始录入第5人的翻堆数据......
2021-09-14 12:18:36,368 - __main__ - INFO - 姓名：刘健全
2021-09-14 12:18:39,054 - __main__ - INFO - 板数：49
2021-09-14 12:19:18,939 - __main__ - INFO - 散件：190,95,71,134,96
2021-09-14 12:19:18,939 - __main__ - INFO - 记录信息：5 2021-09-14 刘健全 51 190 49 190,95,71,134,96
2021-09-14 12:19:18,951 - __main__ - INFO - 成功插入第5条数据到后台数据库
2021-09-14 12:19:18,951 - __main__ - INFO - 今天录入的数据如下,请仔细核对！
2021-09-14 12:19:18,959 - __main__ - INFO - (37, '2021-09-14', '黄伟林', 50, '0', 50, '', 9900)
2021-09-14 12:19:18,959 - __main__ - INFO - (38, '2021-09-14', '盛文明', 49, '0', 49, '', 9702)
2021-09-14 12:19:18,959 - __main__ - INFO - (39, '2021-09-14', '周振兴', 27, '0', 27, '', 5346)
2021-09-14 12:19:18,959 - __main__ - INFO - (40, '2021-09-14', '刘国亮', 46, '185', 46, '97,88', 9293)
2021-09-14 12:19:18,959 - __main__ - INFO - (41, '2021-09-14', '刘健全', 51, '190', 49, '190,95,71,134,96', 10288)
2021-09-14 12:19:18,959 - __main__ - INFO - 今天个人总件数合计：44529件。
2021-09-14 12:19:18,959 - __main__ - INFO - 9月份翻堆组个人累计数据汇总如下：
2021-09-14 12:19:18,967 - __main__ - INFO - ||刘健全:出勤11天,共366板,另加136件,总共72604件.
2021-09-14 12:19:18,967 - __main__ - INFO - ||瞿明:出勤8天,共287板,另加134件,总共56960件.
2021-09-14 12:19:18,967 - __main__ - INFO - ||黄伟林:出勤8天,共297板,另加168件,总共58974件.
2021-09-14 12:19:18,967 - __main__ - INFO - ||盛文明:出勤8天,共249板,另加41件,总共49343件.
2021-09-14 12:19:18,967 - __main__ - INFO - ||刘国亮:出勤4天,共146板,另加109件,总共29017件.
2021-09-14 12:19:18,967 - __main__ - INFO - ||周振兴:出勤1天,共27板,另加0件,总共5346件.
2021-09-14 12:19:18,975 - __main__ - INFO - ('刘健全', 11, Decimal('362'), 928.0, Decimal('72604'))
2021-09-14 12:19:18,975 - __main__ - INFO - ('瞿明', 8, Decimal('285'), 530.0, Decimal('56960'))
2021-09-14 12:19:18,975 - __main__ - INFO - ('黄伟林', 8, Decimal('294'), 762.0, Decimal('58974'))
2021-09-14 12:19:18,975 - __main__ - INFO - ('盛文明', 8, Decimal('247'), 437.0, Decimal('49343'))
2021-09-14 12:19:18,975 - __main__ - INFO - ('刘国亮', 4, Decimal('144'), 505.0, Decimal('29017'))
2021-09-14 12:19:18,975 - __main__ - INFO - ('周振兴', 1, Decimal('27'), 0.0, Decimal('5346'))
2021-09-14 12:19:18,975 - __main__ - INFO - 本月累计总件数：272244件。
2021-09-14 12:19:18,975 - __main__ - INFO - 今日所有翻堆数据均已成功入库，程序结束。
2021-09-14 12:19:18,975 - __main__ - INFO - Program is over. Later this windows should be close.
2021-09-16 19:23:04,458 - __main__ - INFO - 程序启动.......
2021-09-16 19:23:04,477 - __main__ - INFO - 2021-09-16开始数据录入业务操作。
2021-09-16 19:23:04,493 - __main__ - WARNING - 今天尚未录入任何生产数据！
2021-09-16 19:23:08,055 - __main__ - INFO - 开始录入第1人的翻堆数据......
2021-09-16 19:23:18,170 - __main__ - INFO - 姓名：盛文明
2021-09-16 19:23:24,055 - __main__ - INFO - 板数：38
2021-09-16 19:23:28,787 - __main__ - INFO - 散件：137
2021-09-16 19:23:28,787 - __main__ - INFO - 记录信息：||1 ||2021-09-16 ||盛文明 ||38 ||137 ||38 ||137||
2021-09-16 19:23:28,815 - __main__ - INFO - 成功插入第1条数据到后台数据库
2021-09-16 19:23:28,815 - __main__ - INFO - 开始录入第2人的翻堆数据......
2021-09-16 19:23:36,450 - __main__ - INFO - 姓名：黄伟林
2021-09-16 19:23:40,824 - __main__ - INFO - 板数：39
2021-09-16 19:23:42,949 - __main__ - INFO - 散件：1
2021-09-16 19:23:42,949 - __main__ - INFO - 记录信息：||2 ||2021-09-16 ||黄伟林 ||39 ||1 ||39 ||1||
2021-09-16 19:23:42,959 - __main__ - INFO - 成功插入第2条数据到后台数据库
2021-09-16 19:23:42,959 - __main__ - INFO - 开始录入第3人的翻堆数据......
2021-09-16 19:23:50,420 - __main__ - INFO - 姓名：瞿明
2021-09-16 19:23:53,383 - __main__ - INFO - 板数：47
2021-09-16 19:23:55,871 - __main__ - INFO - 散件：39
2021-09-16 19:23:55,871 - __main__ - INFO - 记录信息：||3 ||2021-09-16 ||瞿明 ||47 ||39 ||47 ||39||
2021-09-16 19:23:55,887 - __main__ - INFO - 成功插入第3条数据到后台数据库
2021-09-16 19:23:55,888 - __main__ - INFO - 今天录入的数据如下,请仔细核对！
2021-09-16 19:23:55,889 - __main__ - INFO - (42, '2021-09-16', '盛文明', 38, '137', 38, '137', 7661)
2021-09-16 19:23:55,889 - __main__ - INFO - (43, '2021-09-16', '黄伟林', 39, '1', 39, '1', 7723)
2021-09-16 19:23:55,889 - __main__ - INFO - (44, '2021-09-16', '瞿明', 47, '39', 47, '39', 9345)
2021-09-16 19:23:55,890 - __main__ - INFO - 今天个人总件数合计：24729件。
2021-09-16 19:23:55,890 - __main__ - INFO - 9月份翻堆组个人累计数据汇总如下：
2021-09-16 19:23:55,894 - __main__ - INFO - ||刘健全:出勤11天,共366板,另加136件,总共72604件.
2021-09-16 19:23:55,894 - __main__ - INFO - ||瞿明:出勤9天,共334板,另加173件,总共66305件.
2021-09-16 19:23:55,894 - __main__ - INFO - ||黄伟林:出勤9天,共336板,另加169件,总共66697件.
2021-09-16 19:23:55,895 - __main__ - INFO - ||盛文明:出勤9天,共287板,另加178件,总共57004件.
2021-09-16 19:23:55,895 - __main__ - INFO - ||刘国亮:出勤4天,共146板,另加109件,总共29017件.
2021-09-16 19:23:55,895 - __main__ - INFO - ||周振兴:出勤1天,共27板,另加0件,总共5346件.
2021-09-16 19:23:55,896 - __main__ - INFO - ('刘健全', 11, Decimal('362'), 928.0, Decimal('72604'))
2021-09-16 19:23:55,896 - __main__ - INFO - ('瞿明', 9, Decimal('332'), 569.0, Decimal('66305'))
2021-09-16 19:23:55,896 - __main__ - INFO - ('黄伟林', 9, Decimal('333'), 763.0, Decimal('66697'))
2021-09-16 19:23:55,896 - __main__ - INFO - ('盛文明', 9, Decimal('285'), 574.0, Decimal('57004'))
2021-09-16 19:23:55,897 - __main__ - INFO - ('刘国亮', 4, Decimal('144'), 505.0, Decimal('29017'))
2021-09-16 19:23:55,897 - __main__ - INFO - ('周振兴', 1, Decimal('27'), 0.0, Decimal('5346'))
2021-09-16 19:23:55,897 - __main__ - INFO - 本月累计总件数：296973件。
2021-09-16 19:23:55,898 - __main__ - INFO - 今日所有翻堆数据均已成功入库，程序结束。
2021-09-16 19:23:55,898 - __main__ - INFO - Program is over. Later this windows should be close.
2021-09-17 18:00:06,591 - __main__ - INFO - 程序启动.......
2021-09-17 18:00:06,624 - __main__ - INFO - 2021-09-17开始数据录入业务操作。
2021-09-17 18:00:06,633 - __main__ - WARNING - 今天尚未录入任何生产数据！
2021-09-17 18:00:14,251 - __main__ - INFO - 开始录入第1人的翻堆数据......
2021-09-17 18:00:21,793 - __main__ - INFO - 姓名：瞿明
2021-09-17 18:00:26,733 - __main__ - INFO - 板数：5
2021-09-17 18:00:27,374 - __main__ - INFO - 散件：
2021-09-17 18:00:27,374 - __main__ - INFO - 记录信息：||1 ||2021-09-17 ||瞿明 ||5 ||0 ||5 ||||
2021-09-17 18:00:27,383 - __main__ - INFO - 成功插入第1条数据到后台数据库
2021-09-17 18:00:27,383 - __main__ - INFO - 开始录入第2人的翻堆数据......
2021-09-17 18:01:03,431 - __main__ - INFO - 姓名：刘国亮
2021-09-17 18:01:07,854 - __main__ - INFO - 板数：31
2021-09-17 18:01:08,995 - __main__ - INFO - 散件：
2021-09-17 18:01:08,995 - __main__ - INFO - 记录信息：||2 ||2021-09-17 ||刘国亮 ||31 ||0 ||31 ||||
2021-09-17 18:01:09,005 - __main__ - INFO - 成功插入第2条数据到后台数据库
2021-09-17 18:01:09,005 - __main__ - INFO - 开始录入第3人的翻堆数据......
2021-09-17 18:01:15,933 - __main__ - INFO - 姓名：盛文明
2021-09-17 18:01:18,712 - __main__ - INFO - 板数：40
2021-09-17 18:01:19,661 - __main__ - INFO - 散件：
2021-09-17 18:01:19,661 - __main__ - INFO - 记录信息：||3 ||2021-09-17 ||盛文明 ||40 ||0 ||40 ||||
2021-09-17 18:01:19,671 - __main__ - INFO - 成功插入第3条数据到后台数据库
2021-09-17 18:01:19,671 - __main__ - INFO - 开始录入第4人的翻堆数据......
2021-09-17 18:01:28,510 - __main__ - INFO - 姓名：黄伟林
2021-09-17 18:01:31,209 - __main__ - INFO - 板数：44
2021-09-17 18:01:31,850 - __main__ - INFO - 散件：
2021-09-17 18:01:31,850 - __main__ - INFO - 记录信息：||4 ||2021-09-17 ||黄伟林 ||44 ||0 ||44 ||||
2021-09-17 18:01:31,861 - __main__ - INFO - 成功插入第4条数据到后台数据库
2021-09-17 18:01:31,861 - __main__ - INFO - 开始录入第5人的翻堆数据......
2021-09-17 18:01:38,612 - __main__ - INFO - 姓名：刘健全
2021-09-17 18:01:42,079 - __main__ - INFO - 板数：23
2021-09-17 18:02:15,735 - __main__ - INFO - 散件：124,119,111,12,58,70,159
2021-09-17 18:02:15,735 - __main__ - INFO - 记录信息：||5 ||2021-09-17 ||刘健全 ||26 ||59 ||23 ||124,119,111,12,58,70,159||
2021-09-17 18:02:15,746 - __main__ - INFO - 成功插入第5条数据到后台数据库
2021-09-17 18:02:15,746 - __main__ - INFO - 今天录入的数据如下,请仔细核对！
2021-09-17 18:02:15,746 - __main__ - INFO - (45, '2021-09-17', '瞿明', 5, '0', 5, '', 990)
2021-09-17 18:02:15,746 - __main__ - INFO - (46, '2021-09-17', '刘国亮', 31, '0', 31, '', 6138)
2021-09-17 18:02:15,754 - __main__ - INFO - (47, '2021-09-17', '盛文明', 40, '0', 40, '', 7920)
2021-09-17 18:02:15,754 - __main__ - INFO - (48, '2021-09-17', '黄伟林', 44, '0', 44, '', 8712)
2021-09-17 18:02:15,754 - __main__ - INFO - (49, '2021-09-17', '刘健全', 26, '59', 23, '124,119,111,12,58,70,159', 5207)
2021-09-17 18:02:15,754 - __main__ - INFO - 今天个人总件数合计：28967件。
2021-09-17 18:02:15,754 - __main__ - INFO - 9月份翻堆组个人累计数据汇总如下：
2021-09-17 18:02:15,754 - __main__ - INFO - ||刘健全:出勤12天,共392板,另加195件,总共77811件.
2021-09-17 18:02:15,754 - __main__ - INFO - ||瞿明:出勤10天,共339板,另加173件,总共67295件.
2021-09-17 18:02:15,754 - __main__ - INFO - ||黄伟林:出勤10天,共380板,另加169件,总共75409件.
2021-09-17 18:02:15,754 - __main__ - INFO - ||盛文明:出勤10天,共327板,另加178件,总共64924件.
2021-09-17 18:02:15,754 - __main__ - INFO - ||刘国亮:出勤5天,共177板,另加109件,总共35155件.
2021-09-17 18:02:15,762 - __main__ - INFO - ||周振兴:出勤1天,共27板,另加0件,总共5346件.
2021-09-17 18:02:15,762 - __main__ - INFO - ('刘健全', 12, Decimal('388'), 987.0, Decimal('77811'))
2021-09-17 18:02:15,762 - __main__ - INFO - ('瞿明', 10, Decimal('337'), 569.0, Decimal('67295'))
2021-09-17 18:02:15,762 - __main__ - INFO - ('黄伟林', 10, Decimal('377'), 763.0, Decimal('75409'))
2021-09-17 18:02:15,762 - __main__ - INFO - ('盛文明', 10, Decimal('325'), 574.0, Decimal('64924'))
2021-09-17 18:02:15,762 - __main__ - INFO - ('刘国亮', 5, Decimal('175'), 505.0, Decimal('35155'))
2021-09-17 18:02:15,762 - __main__ - INFO - ('周振兴', 1, Decimal('27'), 0.0, Decimal('5346'))
2021-09-17 18:02:15,762 - __main__ - INFO - 本月累计总件数：325940件。
2021-09-17 18:02:15,762 - __main__ - INFO - 今日所有翻堆数据均已成功入库，程序结束。
2021-09-17 18:02:15,762 - __main__ - INFO - Program is over. Later this windows should be close.
2021-09-18 17:42:13,119 - __main__ - INFO - 程序启动.......
2021-09-18 17:42:13,159 - __main__ - INFO - 2021-09-18开始数据录入业务操作。
2021-09-18 17:42:13,175 - __main__ - WARNING - 今天尚未录入任何生产数据！
2021-09-18 17:42:16,071 - __main__ - INFO - 开始录入第1人的翻堆数据......
2021-09-18 17:42:22,860 - __main__ - INFO - 姓名：盛文明
2021-09-18 17:42:25,383 - __main__ - INFO - 板数：32
2021-09-18 17:42:25,930 - __main__ - INFO - 散件：
2021-09-18 17:42:25,930 - __main__ - INFO - 记录信息：||1 ||2021-09-18 ||盛文明 ||32 ||0 ||32 ||||
2021-09-18 17:42:25,938 - __main__ - INFO - 成功插入第1条数据到后台数据库
2021-09-18 17:42:25,938 - __main__ - INFO - 开始录入第2人的翻堆数据......
2021-09-18 17:42:34,245 - __main__ - INFO - 姓名：黄伟林
2021-09-18 17:42:36,769 - __main__ - INFO - 板数：32
2021-09-18 17:42:39,052 - __main__ - INFO - 散件：67
2021-09-18 17:42:39,052 - __main__ - INFO - 记录信息：||2 ||2021-09-18 ||黄伟林 ||32 ||67 ||32 ||67||
2021-09-18 17:42:39,060 - __main__ - INFO - 成功插入第2条数据到后台数据库
2021-09-18 17:42:39,060 - __main__ - INFO - 开始录入第3人的翻堆数据......
2021-09-18 17:42:47,033 - __main__ - INFO - 姓名：刘国亮
2021-09-18 17:42:50,313 - __main__ - INFO - 板数：27
2021-09-18 17:42:53,631 - __main__ - INFO - 散件：31
2021-09-18 17:42:53,646 - __main__ - INFO - 记录信息：||3 ||2021-09-18 ||刘国亮 ||27 ||31 ||27 ||31||
2021-09-18 17:42:53,646 - __main__ - INFO - 成功插入第3条数据到后台数据库
2021-09-18 17:42:53,646 - __main__ - INFO - 开始录入第4人的翻堆数据......
2021-09-18 17:43:03,285 - __main__ - INFO - 姓名：瞿明
2021-09-18 17:43:08,073 - __main__ - INFO - 板数：40
2021-09-18 17:43:13,460 - __main__ - INFO - 散件：94
2021-09-18 17:43:13,476 - __main__ - INFO - 记录信息：||4 ||2021-09-18 ||瞿明 ||40 ||94 ||40 ||94||
2021-09-18 17:43:13,476 - __main__ - INFO - 成功插入第4条数据到后台数据库
2021-09-18 17:43:13,476 - __main__ - INFO - 开始录入第5人的翻堆数据......
2021-09-18 17:43:21,976 - __main__ - INFO - 姓名：刘健全
2021-09-18 17:43:25,082 - __main__ - INFO - 板数：18
2021-09-18 17:43:52,353 - __main__ - INFO - 散件：61,22,86,102
2021-09-18 17:43:52,355 - __main__ - INFO - 记录信息：||5 ||2021-09-18 ||刘健全 ||19 ||73 ||18 ||61,22,86,102||
2021-09-18 17:43:52,363 - __main__ - INFO - 成功插入第5条数据到后台数据库
2021-09-18 17:43:52,368 - __main__ - INFO - 今天录入的数据如下,请仔细核对！
2021-09-18 17:43:52,368 - __main__ - INFO - (50, '2021-09-18', '盛文明', 32, '0', 32, '', 6336)
2021-09-18 17:43:52,368 - __main__ - INFO - (51, '2021-09-18', '黄伟林', 32, '67', 32, '67', 6403)
2021-09-18 17:43:52,368 - __main__ - INFO - (52, '2021-09-18', '刘国亮', 27, '31', 27, '31', 5377)
2021-09-18 17:43:52,368 - __main__ - INFO - (53, '2021-09-18', '瞿明', 40, '94', 40, '94', 8014)
2021-09-18 17:43:52,368 - __main__ - INFO - (54, '2021-09-18', '刘健全', 19, '73', 18, '61,22,86,102', 3835)
2021-09-18 17:43:52,372 - __main__ - INFO - 今天个人总件数合计：29965件。
2021-09-18 17:43:52,372 - __main__ - INFO - 9月份翻堆组个人累计数据汇总如下：
2021-09-18 17:43:52,373 - __main__ - INFO - ||刘健全:出勤13天,共412板,另加70件,总共81646件.
2021-09-18 17:43:52,373 - __main__ - INFO - ||瞿明:出勤11天,共380板,另加69件,总共75309件.
2021-09-18 17:43:52,373 - __main__ - INFO - ||黄伟林:出勤11天,共413板,另加38件,总共81812件.
2021-09-18 17:43:52,373 - __main__ - INFO - ||盛文明:出勤11天,共359板,另加178件,总共71260件.
2021-09-18 17:43:52,373 - __main__ - INFO - ||刘国亮:出勤6天,共204板,另加140件,总共40532件.
2021-09-18 17:43:52,377 - __main__ - INFO - ||周振兴:出勤1天,共27板,另加0件,总共5346件.
2021-09-18 17:43:52,377 - __main__ - INFO - ('刘健全', 13, Decimal('407'), 1060.0, Decimal('81646'))
2021-09-18 17:43:52,377 - __main__ - INFO - ('瞿明', 11, Decimal('377'), 663.0, Decimal('75309'))
2021-09-18 17:43:52,377 - __main__ - INFO - ('黄伟林', 11, Decimal('409'), 830.0, Decimal('81812'))
2021-09-18 17:43:52,377 - __main__ - INFO - ('盛文明', 11, Decimal('357'), 574.0, Decimal('71260'))
2021-09-18 17:43:52,377 - __main__ - INFO - ('刘国亮', 6, Decimal('202'), 536.0, Decimal('40532'))
2021-09-18 17:43:52,377 - __main__ - INFO - ('周振兴', 1, Decimal('27'), 0.0, Decimal('5346'))
2021-09-18 17:43:52,377 - __main__ - INFO - 本月累计总件数：355905件。
2021-09-18 17:43:52,377 - __main__ - INFO - 今日所有翻堆数据均已成功入库，程序结束。
2021-09-18 17:43:52,377 - __main__ - INFO - Program is over. Later this windows should be close.
2021-09-19 15:19:43,909 - __main__ - INFO - 程序启动.......
2021-09-19 15:19:43,993 - __main__ - INFO - 2021-09-19开始数据录入业务操作。
2021-09-19 15:19:44,009 - __main__ - WARNING - 今天尚未录入任何生产数据！
2021-09-19 15:19:47,456 - __main__ - INFO - 开始录入第1人的翻堆数据......
2021-09-19 15:20:00,660 - __main__ - INFO - 姓名：盛文明
2021-09-19 15:20:03,113 - __main__ - INFO - 板数：32
2021-09-19 15:20:05,799 - __main__ - INFO - 散件：104
2021-09-19 15:20:05,799 - __main__ - INFO - 记录信息：||1 ||2021-09-19 ||盛文明 ||32 ||104 ||32 ||104||
2021-09-19 15:20:05,803 - __main__ - INFO - 成功插入第1条数据到后台数据库
2021-09-19 15:20:05,803 - __main__ - INFO - 开始录入第2人的翻堆数据......
2021-09-19 15:20:13,235 - __main__ - INFO - 姓名：瞿明
2021-09-19 15:20:15,526 - __main__ - INFO - 板数：32
2021-09-19 15:20:18,493 - __main__ - INFO - 散件：91
2021-09-19 15:20:18,499 - __main__ - INFO - 记录信息：||2 ||2021-09-19 ||瞿明 ||32 ||91 ||32 ||91||
2021-09-19 15:20:18,499 - __main__ - INFO - 成功插入第2条数据到后台数据库
2021-09-19 15:20:18,499 - __main__ - INFO - 开始录入第3人的翻堆数据......
2021-09-19 15:20:27,777 - __main__ - INFO - 姓名：黄伟林
2021-09-19 15:20:30,967 - __main__ - INFO - 板数：30
2021-09-19 15:20:34,571 - __main__ - INFO - 散件：192
2021-09-19 15:20:34,579 - __main__ - INFO - 记录信息：||3 ||2021-09-19 ||黄伟林 ||30 ||192 ||30 ||192||
2021-09-19 15:20:34,579 - __main__ - INFO - 成功插入第3条数据到后台数据库
2021-09-19 15:20:34,579 - __main__ - INFO - 开始录入第4人的翻堆数据......
2021-09-19 15:20:42,633 - __main__ - INFO - 姓名：刘国亮
2021-09-19 15:20:44,971 - __main__ - INFO - 板数：26
2021-09-19 15:20:46,278 - __main__ - INFO - 散件：
2021-09-19 15:20:46,278 - __main__ - INFO - 记录信息：||4 ||2021-09-19 ||刘国亮 ||26 ||0 ||26 ||||
2021-09-19 15:20:46,278 - __main__ - INFO - 成功插入第4条数据到后台数据库
2021-09-19 15:20:46,286 - __main__ - INFO - 开始录入第5人的翻堆数据......
2021-09-19 15:20:52,019 - __main__ - INFO - 姓名：刘健全
2021-09-19 15:20:54,581 - __main__ - INFO - 板数：26
2021-09-19 15:21:09,877 - __main__ - INFO - 散件：118,7,158,20
2021-09-19 15:21:09,877 - __main__ - INFO - 记录信息：||5 ||2021-09-19 ||刘健全 ||27 ||105 ||26 ||118,7,158,20||
2021-09-19 15:21:09,901 - __main__ - INFO - 成功插入第5条数据到后台数据库
2021-09-19 15:21:09,901 - __main__ - INFO - 今天录入的数据如下,请仔细核对！
2021-09-19 15:21:09,901 - __main__ - INFO - (55, '2021-09-19', '盛文明', 32, '104', 32, '104', 6440)
2021-09-19 15:21:09,901 - __main__ - INFO - (56, '2021-09-19', '瞿明', 32, '91', 32, '91', 6427)
2021-09-19 15:21:09,901 - __main__ - INFO - (57, '2021-09-19', '黄伟林', 30, '192', 30, '192', 6132)
2021-09-19 15:21:09,901 - __main__ - INFO - (58, '2021-09-19', '刘国亮', 26, '0', 26, '', 5148)
2021-09-19 15:21:09,901 - __main__ - INFO - (59, '2021-09-19', '刘健全', 27, '105', 26, '118,7,158,20', 5451)
2021-09-19 15:21:09,901 - __main__ - INFO - 今天个人总件数合计：29598件。
2021-09-19 15:21:09,901 - __main__ - INFO - 9月份翻堆组个人累计数据汇总如下：
2021-09-19 15:21:09,909 - __main__ - INFO - ||刘健全:出勤14天,共439板,另加175件,总共87097件.
2021-09-19 15:21:09,909 - __main__ - INFO - ||瞿明:出勤12天,共412板,另加160件,总共81736件.
2021-09-19 15:21:09,909 - __main__ - INFO - ||黄伟林:出勤12天,共444板,另加32件,总共87944件.
2021-09-19 15:21:09,909 - __main__ - INFO - ||盛文明:出勤12天,共392板,另加84件,总共77700件.
2021-09-19 15:21:09,909 - __main__ - INFO - ||刘国亮:出勤7天,共230板,另加140件,总共45680件.
2021-09-19 15:21:09,909 - __main__ - INFO - ||周振兴:出勤1天,共27板,另加0件,总共5346件.
2021-09-19 15:21:09,909 - __main__ - INFO - ('刘健全', 14, Decimal('434'), 1165.0, Decimal('87097'))
2021-09-19 15:21:09,909 - __main__ - INFO - ('瞿明', 12, Decimal('409'), 754.0, Decimal('81736'))
2021-09-19 15:21:09,909 - __main__ - INFO - ('黄伟林', 12, Decimal('439'), 1022.0, Decimal('87944'))
2021-09-19 15:21:09,909 - __main__ - INFO - ('盛文明', 12, Decimal('389'), 678.0, Decimal('77700'))
2021-09-19 15:21:09,909 - __main__ - INFO - ('刘国亮', 7, Decimal('228'), 536.0, Decimal('45680'))
2021-09-19 15:21:09,909 - __main__ - INFO - ('周振兴', 1, Decimal('27'), 0.0, Decimal('5346'))
2021-09-19 15:21:09,909 - __main__ - INFO - 本月累计总件数：385503件。
2021-09-19 15:21:09,909 - __main__ - INFO - 今日所有翻堆数据均已成功入库，程序结束。
2021-09-19 15:21:09,909 - __main__ - INFO - Program is over. Later this windows should be close.
2021-09-20 18:53:56,403 - __main__ - INFO - 程序启动.......
2021-09-20 18:53:56,435 - __main__ - INFO - 2021-09-20开始数据录入业务操作。
2021-09-20 18:53:56,443 - __main__ - WARNING - 今天尚未录入任何生产数据！
2021-09-20 18:54:06,618 - __main__ - INFO - 开始录入第1人的翻堆数据......
2021-09-20 18:54:13,580 - __main__ - INFO - 姓名：黄伟林
2021-09-20 18:54:16,629 - __main__ - INFO - 板数：31
2021-09-20 18:54:20,386 - __main__ - INFO - 散件：66
2021-09-20 18:54:20,390 - __main__ - INFO - 记录信息：||1 ||2021-09-20 ||黄伟林 ||31 ||66 ||31 ||66||
2021-09-20 18:54:20,399 - __main__ - INFO - 成功插入第1条数据到后台数据库
2021-09-20 18:54:20,399 - __main__ - INFO - 开始录入第2人的翻堆数据......
2021-09-20 18:54:28,711 - __main__ - INFO - 姓名：瞿明
2021-09-20 18:54:31,814 - __main__ - INFO - 板数：48
2021-09-20 18:54:42,520 - __main__ - INFO - 散件：190,160,82
2021-09-20 18:54:42,528 - __main__ - INFO - 记录信息：||2 ||2021-09-20 ||瞿明 ||50 ||36 ||48 ||190,160,82||
2021-09-20 18:54:42,536 - __main__ - INFO - 成功插入第2条数据到后台数据库
2021-09-20 18:54:42,536 - __main__ - INFO - 开始录入第3人的翻堆数据......
2021-09-20 18:54:55,149 - __main__ - INFO - 姓名：刘国亮
2021-09-20 18:54:57,903 - __main__ - INFO - 板数：31
2021-09-20 18:55:12,968 - __main__ - INFO - 散件：93,10
2021-09-20 18:55:12,968 - __main__ - INFO - 记录信息：||3 ||2021-09-20 ||刘国亮 ||31 ||103 ||31 ||93,10||
2021-09-20 18:55:12,983 - __main__ - INFO - 成功插入第3条数据到后台数据库
2021-09-20 18:55:12,983 - __main__ - INFO - 开始录入第4人的翻堆数据......
2021-09-20 18:55:25,975 - __main__ - INFO - 姓名：刘健全
2021-09-20 18:55:28,870 - __main__ - INFO - 板数：37
2021-09-20 18:55:31,617 - __main__ - INFO - 散件：146
2021-09-20 18:55:31,629 - __main__ - INFO - 记录信息：||4 ||2021-09-20 ||刘健全 ||37 ||146 ||37 ||146||
2021-09-20 18:55:31,637 - __main__ - INFO - 成功插入第4条数据到后台数据库
2021-09-20 18:55:31,637 - __main__ - INFO - 今天录入的数据如下,请仔细核对！
2021-09-20 18:55:31,637 - __main__ - INFO - (60, '2021-09-20', '黄伟林', 31, '66', 31, '66', 6204)
2021-09-20 18:55:31,637 - __main__ - INFO - (61, '2021-09-20', '瞿明', 50, '36', 48, '190,160,82', 9936)
2021-09-20 18:55:31,637 - __main__ - INFO - (62, '2021-09-20', '刘国亮', 31, '103', 31, '93,10', 6241)
2021-09-20 18:55:31,637 - __main__ - INFO - (63, '2021-09-20', '刘健全', 37, '146', 37, '146', 7472)
2021-09-20 18:55:31,637 - __main__ - INFO - 今天个人总件数合计：29853件。
2021-09-20 18:55:31,637 - __main__ - INFO - 9月份翻堆组个人累计数据汇总如下：
2021-09-20 18:55:31,645 - __main__ - INFO - ||刘健全:出勤15天,共477板,另加123件,总共94569件.
2021-09-20 18:55:31,645 - __main__ - INFO - ||瞿明:出勤13天,共462板,另加196件,总共91672件.
2021-09-20 18:55:31,645 - __main__ - INFO - ||黄伟林:出勤13天,共475板,另加98件,总共94148件.
2021-09-20 18:55:31,645 - __main__ - INFO - ||盛文明:出勤12天,共392板,另加84件,总共77700件.
2021-09-20 18:55:31,645 - __main__ - INFO - ||刘国亮:出勤8天,共262板,另加45件,总共51921件.
2021-09-20 18:55:31,645 - __main__ - INFO - ||周振兴:出勤1天,共27板,另加0件,总共5346件.
2021-09-20 18:55:31,645 - __main__ - INFO - ('刘健全', 15, Decimal('471'), 1311.0, Decimal('94569'))
2021-09-20 18:55:31,645 - __main__ - INFO - ('瞿明', 13, Decimal('459'), 790.0, Decimal('91672'))
2021-09-20 18:55:31,645 - __main__ - INFO - ('黄伟林', 13, Decimal('470'), 1088.0, Decimal('94148'))
2021-09-20 18:55:31,645 - __main__ - INFO - ('盛文明', 12, Decimal('389'), 678.0, Decimal('77700'))
2021-09-20 18:55:31,645 - __main__ - INFO - ('刘国亮', 8, Decimal('259'), 639.0, Decimal('51921'))
2021-09-20 18:55:31,645 - __main__ - INFO - ('周振兴', 1, Decimal('27'), 0.0, Decimal('5346'))
2021-09-20 18:55:31,645 - __main__ - INFO - 本月累计总件数：415356件。
2021-09-20 18:55:31,645 - __main__ - INFO - 今日所有翻堆数据均已成功入库，程序结束。
2021-09-20 18:55:31,645 - __main__ - INFO - Program is over. Later this windows should be close.
2021-09-21 17:38:51,407 - __main__ - INFO - 程序启动.......
2021-09-21 17:38:51,466 - __main__ - INFO - 2021-09-21开始数据录入业务操作。
2021-09-21 17:38:51,490 - __main__ - WARNING - 今天尚未录入任何生产数据！
2021-09-21 17:38:54,215 - __main__ - INFO - 开始录入第1人的翻堆数据......
2021-09-21 17:39:09,138 - __main__ - INFO - 姓名：陈明友
2021-09-21 17:39:11,993 - __main__ - INFO - 板数：25
2021-09-21 17:39:12,925 - __main__ - INFO - 散件：
2021-09-21 17:39:12,925 - __main__ - INFO - 记录信息：||1 ||2021-09-21 ||陈明友 ||25 ||0 ||25 ||||
2021-09-21 17:39:12,934 - __main__ - INFO - 成功插入第1条数据到后台数据库
2021-09-21 17:39:12,934 - __main__ - INFO - 开始录入第2人的翻堆数据......
2021-09-21 17:39:19,756 - __main__ - INFO - 姓名：瞿明
2021-09-21 17:39:22,607 - __main__ - INFO - 板数：58
2021-09-21 17:39:23,690 - __main__ - INFO - 散件：
2021-09-21 17:39:23,692 - __main__ - INFO - 记录信息：||2 ||2021-09-21 ||瞿明 ||58 ||0 ||58 ||||
2021-09-21 17:39:23,699 - __main__ - INFO - 成功插入第2条数据到后台数据库
2021-09-21 17:39:23,699 - __main__ - INFO - 开始录入第3人的翻堆数据......
2021-09-21 17:39:34,437 - __main__ - INFO - 姓名：刘国亮
2021-09-21 17:39:38,205 - __main__ - INFO - 板数：41
2021-09-21 17:39:39,116 - __main__ - INFO - 散件：
2021-09-21 17:39:39,116 - __main__ - INFO - 记录信息：||3 ||2021-09-21 ||刘国亮 ||41 ||0 ||41 ||||
2021-09-21 17:39:39,124 - __main__ - INFO - 成功插入第3条数据到后台数据库
2021-09-21 17:39:39,132 - __main__ - INFO - 开始录入第4人的翻堆数据......
2021-09-21 17:39:45,582 - __main__ - INFO - 姓名：刘健全
2021-09-21 17:39:48,542 - __main__ - INFO - 板数：38
2021-09-21 17:40:29,694 - __main__ - INFO - 散件：80,78,65,86,112,47,19
2021-09-21 17:40:29,694 - __main__ - INFO - 记录信息：||4 ||2021-09-21 ||刘健全 ||40 ||91 ||38 ||80,78,65,86,112,47,19||
2021-09-21 17:40:29,702 - __main__ - INFO - 成功插入第4条数据到后台数据库
2021-09-21 17:40:29,702 - __main__ - INFO - 今天录入的数据如下,请仔细核对！
2021-09-21 17:40:29,702 - __main__ - INFO - (64, '2021-09-21', '陈明友', 25, '0', 25, '', 4950)
2021-09-21 17:40:29,702 - __main__ - INFO - (65, '2021-09-21', '瞿明', 58, '0', 58, '', 11484)
2021-09-21 17:40:29,702 - __main__ - INFO - (66, '2021-09-21', '刘国亮', 41, '0', 41, '', 8118)
2021-09-21 17:40:29,702 - __main__ - INFO - (67, '2021-09-21', '刘健全', 40, '91', 38, '80,78,65,86,112,47,19', 8011)
2021-09-21 17:40:29,702 - __main__ - INFO - 今天个人总件数合计：32563件。
2021-09-21 17:40:29,702 - __main__ - INFO - 9月份翻堆组个人累计数据汇总如下：
2021-09-21 17:40:29,710 - __main__ - INFO - ||刘健全:出勤16天,共518板,另加16件,总共102580件.
2021-09-21 17:40:29,710 - __main__ - INFO - ||瞿明:出勤14天,共520板,另加196件,总共103156件.
2021-09-21 17:40:29,710 - __main__ - INFO - ||黄伟林:出勤13天,共475板,另加98件,总共94148件.
2021-09-21 17:40:29,710 - __main__ - INFO - ||盛文明:出勤12天,共392板,另加84件,总共77700件.
2021-09-21 17:40:29,710 - __main__ - INFO - ||刘国亮:出勤9天,共303板,另加45件,总共60039件.
2021-09-21 17:40:29,710 - __main__ - INFO - ||周振兴:出勤1天,共27板,另加0件,总共5346件.
2021-09-21 17:40:29,710 - __main__ - INFO - ||陈明友:出勤1天,共25板,另加0件,总共4950件.
2021-09-21 17:40:29,710 - __main__ - INFO - ('刘健全', 16, Decimal('511'), 1402.0, Decimal('102580'))
2021-09-21 17:40:29,710 - __main__ - INFO - ('瞿明', 14, Decimal('517'), 790.0, Decimal('103156'))
2021-09-21 17:40:29,710 - __main__ - INFO - ('黄伟林', 13, Decimal('470'), 1088.0, Decimal('94148'))
2021-09-21 17:40:29,710 - __main__ - INFO - ('盛文明', 12, Decimal('389'), 678.0, Decimal('77700'))
2021-09-21 17:40:29,710 - __main__ - INFO - ('刘国亮', 9, Decimal('300'), 639.0, Decimal('60039'))
2021-09-21 17:40:29,718 - __main__ - INFO - ('周振兴', 1, Decimal('27'), 0.0, Decimal('5346'))
2021-09-21 17:40:29,718 - __main__ - INFO - ('陈明友', 1, Decimal('25'), 0.0, Decimal('4950'))
2021-09-21 17:40:29,718 - __main__ - INFO - 本月累计总件数：447919件。
2021-09-21 17:40:29,718 - __main__ - INFO - 今日所有翻堆数据均已成功入库，程序结束。
2021-09-21 17:40:29,718 - __main__ - INFO - Program is over. Later this windows should be close.
2021-09-22 20:07:09,726 - __main__ - INFO - 程序启动.......
2021-09-22 20:07:09,774 - __main__ - INFO - 2021-09-22开始数据录入业务操作。
2021-09-22 20:07:09,798 - __main__ - WARNING - 今天尚未录入任何生产数据！
2021-09-22 20:08:17,073 - __main__ - INFO - 开始录入第1人的翻堆数据......
2021-09-22 20:11:44,765 - __main__ - INFO - 姓名：黄伟林
2021-09-22 20:11:49,059 - __main__ - INFO - 板数：32
2021-09-22 20:12:14,414 - __main__ - INFO - 散件：71,34,30,146
2021-09-22 20:12:14,414 - __main__ - INFO - 记录信息：||1 ||2021-09-22 ||黄伟林 ||33 ||83 ||32 ||71,34,30,146||
2021-09-22 20:12:14,425 - __main__ - INFO - 成功插入第1条数据到后台数据库
2021-09-22 20:12:14,426 - __main__ - INFO - 开始录入第2人的翻堆数据......
2021-09-22 20:12:32,585 - __main__ - INFO - 姓名：刘国亮
2021-09-22 20:13:05,285 - __main__ - INFO - 板数：25
2021-09-22 20:13:07,953 - __main__ - INFO - 散件：78
2021-09-22 20:13:07,958 - __main__ - INFO - 记录信息：||2 ||2021-09-22 ||刘国亮 ||25 ||78 ||25 ||78||
2021-09-22 20:13:07,967 - __main__ - INFO - 成功插入第2条数据到后台数据库
2021-09-22 20:13:07,967 - __main__ - INFO - 开始录入第3人的翻堆数据......
2021-09-22 20:13:14,920 - __main__ - INFO - 姓名：瞿明
2021-09-22 20:13:57,326 - __main__ - INFO - 板数：37
2021-09-22 20:14:06,061 - __main__ - INFO - 散件：166,166
2021-09-22 20:14:06,073 - __main__ - INFO - 记录信息：||3 ||2021-09-22 ||瞿明 ||38 ||134 ||37 ||166,166||
2021-09-22 20:14:06,084 - __main__ - INFO - 成功插入第3条数据到后台数据库
2021-09-22 20:14:06,084 - __main__ - INFO - 开始录入第4人的翻堆数据......
2021-09-22 20:14:16,696 - __main__ - INFO - 姓名：刘健全
2021-09-22 20:14:21,453 - __main__ - INFO - 板数：27
2021-09-22 20:14:32,615 - __main__ - INFO - 散件：107,36
2021-09-22 20:14:32,623 - __main__ - INFO - 记录信息：||4 ||2021-09-22 ||刘健全 ||27 ||143 ||27 ||107,36||
2021-09-22 20:14:32,623 - __main__ - INFO - 成功插入第4条数据到后台数据库
2021-09-22 20:14:32,623 - __main__ - INFO - 今天录入的数据如下,请仔细核对！
2021-09-22 20:14:32,623 - __main__ - INFO - (68, '2021-09-22', '黄伟林', 33, '83', 32, '71,34,30,146', 6617)
2021-09-22 20:14:32,623 - __main__ - INFO - (69, '2021-09-22', '刘国亮', 25, '78', 25, '78', 5028)
2021-09-22 20:14:32,623 - __main__ - INFO - (70, '2021-09-22', '瞿明', 38, '134', 37, '166,166', 7658)
2021-09-22 20:14:32,623 - __main__ - INFO - (71, '2021-09-22', '刘健全', 27, '143', 27, '107,36', 5489)
2021-09-22 20:14:32,623 - __main__ - INFO - 今天个人总件数合计：24792件。
2021-09-22 20:14:32,623 - __main__ - INFO - 9月份翻堆组个人累计数据汇总如下：
2021-09-22 20:14:32,631 - __main__ - INFO - ||刘健全:出勤17天,共545板,另加159件,总共108069件.
2021-09-22 20:14:32,631 - __main__ - INFO - ||瞿明:出勤15天,共559板,另加132件,总共110814件.
2021-09-22 20:14:32,631 - __main__ - INFO - ||黄伟林:出勤14天,共508板,另加181件,总共100765件.
2021-09-22 20:14:32,631 - __main__ - INFO - ||盛文明:出勤12天,共392板,另加84件,总共77700件.
2021-09-22 20:14:32,631 - __main__ - INFO - ||刘国亮:出勤10天,共328板,另加123件,总共65067件.
2021-09-22 20:14:32,631 - __main__ - INFO - ||周振兴:出勤1天,共27板,另加0件,总共5346件.
2021-09-22 20:14:32,631 - __main__ - INFO - ||陈明友:出勤1天,共25板,另加0件,总共4950件.
2021-09-22 20:14:32,631 - __main__ - INFO - ('刘健全', 17, Decimal('538'), 1545.0, Decimal('108069'))
2021-09-22 20:14:32,639 - __main__ - INFO - ('瞿明', 15, Decimal('555'), 924.0, Decimal('110814'))
2021-09-22 20:14:32,639 - __main__ - INFO - ('黄伟林', 14, Decimal('503'), 1171.0, Decimal('100765'))
2021-09-22 20:14:32,639 - __main__ - INFO - ('盛文明', 12, Decimal('389'), 678.0, Decimal('77700'))
2021-09-22 20:14:32,639 - __main__ - INFO - ('刘国亮', 10, Decimal('325'), 717.0, Decimal('65067'))
2021-09-22 20:14:32,639 - __main__ - INFO - ('周振兴', 1, Decimal('27'), 0.0, Decimal('5346'))
2021-09-22 20:14:32,639 - __main__ - INFO - ('陈明友', 1, Decimal('25'), 0.0, Decimal('4950'))
2021-09-22 20:14:32,639 - __main__ - INFO - 本月累计总件数：472711件。
2021-09-22 20:14:32,639 - __main__ - INFO - 今日所有翻堆数据均已成功入库，程序结束。
2021-09-22 20:14:32,639 - __main__ - INFO - Program is over. Later this windows should be close.
2021-09-23 15:45:55,154 - __main__ - INFO - 程序启动.......
2021-09-23 15:45:55,195 - __main__ - INFO - 2021-09-23开始数据录入业务操作。
2021-09-23 15:45:55,203 - __main__ - WARNING - 今天尚未录入任何生产数据！
2021-09-23 15:46:00,507 - __main__ - INFO - 开始录入第1人的翻堆数据......
2021-09-23 15:46:12,276 - __main__ - INFO - 姓名：刘国亮
2021-09-23 15:46:14,279 - __main__ - INFO - 板数：4
2021-09-23 15:46:17,417 - __main__ - INFO - 散件：81
2021-09-23 15:46:17,417 - __main__ - INFO - 记录信息：||1 ||2021-09-23 ||刘国亮 ||4 ||81 ||4 ||81||
2021-09-23 15:46:17,423 - __main__ - INFO - 成功插入第1条数据到后台数据库
2021-09-23 15:46:17,423 - __main__ - INFO - 开始录入第2人的翻堆数据......
2021-09-23 15:46:25,128 - __main__ - INFO - 姓名：瞿明
2021-09-23 15:46:52,216 - __main__ - INFO - 板数：31
2021-09-23 15:47:07,350 - __main__ - INFO - 散件：154,122,93
2021-09-23 15:47:07,350 - __main__ - INFO - 记录信息：||2 ||2021-09-23 ||瞿明 ||32 ||171 ||31 ||154,122,93||
2021-09-23 15:47:07,353 - __main__ - INFO - 成功插入第2条数据到后台数据库
2021-09-23 15:47:07,353 - __main__ - INFO - 开始录入第3人的翻堆数据......
2021-09-23 15:47:17,178 - __main__ - INFO - 姓名：黄伟林
2021-09-23 15:47:21,128 - __main__ - INFO - 板数：30
2021-09-23 15:47:22,416 - __main__ - INFO - 散件：
2021-09-23 15:47:22,432 - __main__ - INFO - 记录信息：||3 ||2021-09-23 ||黄伟林 ||30 ||0 ||30 ||||
2021-09-23 15:47:22,441 - __main__ - INFO - 成功插入第3条数据到后台数据库
2021-09-23 15:47:22,441 - __main__ - INFO - 开始录入第4人的翻堆数据......
2021-09-23 15:47:30,471 - __main__ - INFO - 姓名：盛文明
2021-09-23 15:47:36,034 - __main__ - INFO - 板数：29
2021-09-23 15:47:40,539 - __main__ - INFO - 散件：190
2021-09-23 15:47:40,539 - __main__ - INFO - 记录信息：||4 ||2021-09-23 ||盛文明 ||29 ||190 ||29 ||190||
2021-09-23 15:47:40,564 - __main__ - INFO - 成功插入第4条数据到后台数据库
2021-09-23 15:47:40,564 - __main__ - INFO - 开始录入第5人的翻堆数据......
2021-09-23 15:48:01,233 - __main__ - INFO - 姓名：刘健全
2021-09-23 15:48:04,269 - __main__ - INFO - 板数：26
2021-09-23 15:48:12,623 - __main__ - INFO - 散件：42,70
2021-09-23 15:48:12,623 - __main__ - INFO - 记录信息：||5 ||2021-09-23 ||刘健全 ||26 ||112 ||26 ||42,70||
2021-09-23 15:48:12,633 - __main__ - INFO - 成功插入第5条数据到后台数据库
2021-09-23 15:48:12,633 - __main__ - INFO - 今天录入的数据如下,请仔细核对！
2021-09-23 15:48:12,641 - __main__ - INFO - (72, '2021-09-23', '刘国亮', 4, '81', 4, '81', 873)
2021-09-23 15:48:12,641 - __main__ - INFO - (73, '2021-09-23', '瞿明', 32, '171', 31, '154,122,93', 6705)
2021-09-23 15:48:12,641 - __main__ - INFO - (74, '2021-09-23', '黄伟林', 30, '0', 30, '', 5940)
2021-09-23 15:48:12,641 - __main__ - INFO - (75, '2021-09-23', '盛文明', 29, '190', 29, '190', 5932)
2021-09-23 15:48:12,641 - __main__ - INFO - (76, '2021-09-23', '刘健全', 26, '112', 26, '42,70', 5260)
2021-09-23 15:48:12,641 - __main__ - INFO - 今天个人总件数合计：24512件。
2021-09-23 15:48:12,641 - __main__ - INFO - 9月份翻堆组个人累计数据汇总如下：
2021-09-23 15:48:12,649 - __main__ - INFO - ||刘健全:出勤18天,共572板,另加73件,总共113329件.
2021-09-23 15:48:12,649 - __main__ - INFO - ||瞿明:出勤16天,共592板,另加105件,总共117321件.
2021-09-23 15:48:12,649 - __main__ - INFO - ||黄伟林:出勤15天,共538板,另加181件,总共106705件.
2021-09-23 15:48:12,649 - __main__ - INFO - ||盛文明:出勤13天,共422板,另加76件,总共83632件.
2021-09-23 15:48:12,649 - __main__ - INFO - ||刘国亮:出勤11天,共333板,另加6件,总共65940件.
2021-09-23 15:48:12,649 - __main__ - INFO - ||周振兴:出勤1天,共27板,另加0件,总共5346件.
2021-09-23 15:48:12,649 - __main__ - INFO - ||陈明友:出勤1天,共25板,另加0件,总共4950件.
2021-09-23 15:48:12,649 - __main__ - INFO - ('刘健全', 18, Decimal('564'), 1657.0, Decimal('113329'))
2021-09-23 15:48:12,649 - __main__ - INFO - ('瞿明', 16, Decimal('587'), 1095.0, Decimal('117321'))
2021-09-23 15:48:12,649 - __main__ - INFO - ('黄伟林', 15, Decimal('533'), 1171.0, Decimal('106705'))
2021-09-23 15:48:12,649 - __main__ - INFO - ('盛文明', 13, Decimal('418'), 868.0, Decimal('83632'))
2021-09-23 15:48:12,649 - __main__ - INFO - ('刘国亮', 11, Decimal('329'), 798.0, Decimal('65940'))
2021-09-23 15:48:12,649 - __main__ - INFO - ('周振兴', 1, Decimal('27'), 0.0, Decimal('5346'))
2021-09-23 15:48:12,649 - __main__ - INFO - ('陈明友', 1, Decimal('25'), 0.0, Decimal('4950'))
2021-09-23 15:48:12,649 - __main__ - INFO - 本月累计总件数：497223件。
2021-09-23 15:48:12,649 - __main__ - INFO - 今日所有翻堆数据均已成功入库，程序结束。
2021-09-23 15:48:12,649 - __main__ - INFO - Program is over. Later this windows should be close.
2021-09-24 16:07:54,905 - __main__ - INFO - 程序启动.......
2021-09-24 16:07:54,953 - __main__ - INFO - 2021-09-24开始数据录入业务操作。
2021-09-24 16:07:54,977 - __main__ - WARNING - 今天尚未录入任何生产数据！
2021-09-24 16:08:00,625 - __main__ - INFO - 开始录入第1人的翻堆数据......
2021-09-24 16:08:17,874 - __main__ - INFO - 姓名：盛文明
2021-09-24 16:08:19,998 - __main__ - INFO - 板数：32
2021-09-24 16:08:20,512 - __main__ - INFO - 散件：
2021-09-24 16:08:20,512 - __main__ - INFO - 记录信息：||1 ||2021-09-24 ||盛文明 ||32 ||0 ||32 ||||
2021-09-24 16:08:20,544 - __main__ - INFO - 成功插入第1条数据到后台数据库
2021-09-24 16:08:20,552 - __main__ - INFO - 开始录入第2人的翻堆数据......
2021-09-24 16:08:28,393 - __main__ - INFO - 姓名：黄伟林
2021-09-24 16:08:30,596 - __main__ - INFO - 板数：31
2021-09-24 16:08:31,703 - __main__ - INFO - 散件：
2021-09-24 16:08:31,703 - __main__ - INFO - 记录信息：||2 ||2021-09-24 ||黄伟林 ||31 ||0 ||31 ||||
2021-09-24 16:08:31,710 - __main__ - INFO - 成功插入第2条数据到后台数据库
2021-09-24 16:08:31,710 - __main__ - INFO - 开始录入第3人的翻堆数据......
2021-09-24 16:08:38,278 - __main__ - INFO - 姓名：瞿明
2021-09-24 16:08:41,668 - __main__ - INFO - 板数：33
2021-09-24 16:08:57,041 - __main__ - INFO - 散件：99,89,84,82
2021-09-24 16:08:57,057 - __main__ - INFO - 记录信息：||3 ||2021-09-24 ||瞿明 ||34 ||156 ||33 ||99,89,84,82||
2021-09-24 16:08:57,057 - __main__ - INFO - 成功插入第3条数据到后台数据库
2021-09-24 16:08:57,057 - __main__ - INFO - 开始录入第4人的翻堆数据......
2021-09-24 16:09:04,959 - __main__ - INFO - 姓名：刘健全
2021-09-24 16:09:07,923 - __main__ - INFO - 板数：28
2021-09-24 16:09:18,143 - __main__ - INFO - 散件：22,166,116
2021-09-24 16:09:18,143 - __main__ - INFO - 记录信息：||4 ||2021-09-24 ||刘健全 ||29 ||106 ||28 ||22,166,116||
2021-09-24 16:09:18,151 - __main__ - INFO - 成功插入第4条数据到后台数据库
2021-09-24 16:09:18,151 - __main__ - INFO - 今天录入的数据如下,请仔细核对！
2021-09-24 16:09:18,151 - __main__ - INFO - (77, '2021-09-24', '盛文明', 32, '0', 32, '', 6336)
2021-09-24 16:09:18,151 - __main__ - INFO - (78, '2021-09-24', '黄伟林', 31, '0', 31, '', 6138)
2021-09-24 16:09:18,151 - __main__ - INFO - (79, '2021-09-24', '瞿明', 34, '156', 33, '99,89,84,82', 6888)
2021-09-24 16:09:18,151 - __main__ - INFO - (80, '2021-09-24', '刘健全', 29, '106', 28, '22,166,116', 5848)
2021-09-24 16:09:18,151 - __main__ - INFO - 今天个人总件数合计：25210件。
2021-09-24 16:09:18,151 - __main__ - INFO - 9月份翻堆组个人累计数据汇总如下：
2021-09-24 16:09:18,151 - __main__ - INFO - ||刘健全:出勤19天,共601板,另加179件,总共119177件.
2021-09-24 16:09:18,151 - __main__ - INFO - ||瞿明:出勤17天,共627板,另加63件,总共124209件.
2021-09-24 16:09:18,151 - __main__ - INFO - ||黄伟林:出勤16天,共569板,另加181件,总共112843件.
2021-09-24 16:09:18,151 - __main__ - INFO - ||盛文明:出勤14天,共454板,另加76件,总共89968件.
2021-09-24 16:09:18,159 - __main__ - INFO - ||刘国亮:出勤11天,共333板,另加6件,总共65940件.
2021-09-24 16:09:18,159 - __main__ - INFO - ||周振兴:出勤1天,共27板,另加0件,总共5346件.
2021-09-24 16:09:18,159 - __main__ - INFO - ||陈明友:出勤1天,共25板,另加0件,总共4950件.
2021-09-24 16:09:18,159 - __main__ - INFO - ('刘健全', 19, Decimal('593'), 1763.0, Decimal('119177'))
2021-09-24 16:09:18,159 - __main__ - INFO - ('瞿明', 17, Decimal('621'), 1251.0, Decimal('124209'))
2021-09-24 16:09:18,159 - __main__ - INFO - ('黄伟林', 16, Decimal('564'), 1171.0, Decimal('112843'))
2021-09-24 16:09:18,159 - __main__ - INFO - ('盛文明', 14, Decimal('450'), 868.0, Decimal('89968'))
2021-09-24 16:09:18,159 - __main__ - INFO - ('刘国亮', 11, Decimal('329'), 798.0, Decimal('65940'))
2021-09-24 16:09:18,159 - __main__ - INFO - ('周振兴', 1, Decimal('27'), 0.0, Decimal('5346'))
2021-09-24 16:09:18,159 - __main__ - INFO - ('陈明友', 1, Decimal('25'), 0.0, Decimal('4950'))
2021-09-24 16:09:18,159 - __main__ - INFO - 本月累计总件数：522433件。
2021-09-24 16:09:18,159 - __main__ - INFO - 今日所有翻堆数据均已成功入库，程序结束。
2021-09-24 16:09:18,159 - __main__ - INFO - Program is over. Later this windows should be close.
2021-09-25 21:33:16,461 - __main__ - INFO - 程序启动.......
2021-09-25 21:33:16,483 - __main__ - INFO - 2021-09-25开始数据录入业务操作。
2021-09-25 21:33:16,483 - __main__ - WARNING - 今天尚未录入任何生产数据！
2021-09-25 21:45:18,203 - __main__ - INFO - 开始录入第1人的翻堆数据......
2021-09-25 21:45:25,718 - __main__ - INFO - 姓名：瞿明
2021-09-25 21:45:43,836 - __main__ - INFO - 板数：36
2021-09-25 21:45:48,867 - __main__ - INFO - 散件：57
2021-09-25 21:45:48,867 - __main__ - INFO - 记录信息：||1 ||2021-09-25 ||瞿明 ||36 ||57 ||36 ||57||
2021-09-25 21:45:48,887 - __main__ - INFO - 成功插入第1条数据到后台数据库
2021-09-25 21:45:48,887 - __main__ - INFO - 开始录入第2人的翻堆数据......
2021-09-25 21:45:54,913 - __main__ - INFO - 姓名：盛文明
2021-09-25 21:46:01,768 - __main__ - INFO - 板数：34
2021-09-25 21:46:09,016 - __main__ - INFO - 散件：119
2021-09-25 21:46:09,021 - __main__ - INFO - 记录信息：||2 ||2021-09-25 ||盛文明 ||34 ||119 ||34 ||119||
2021-09-25 21:46:09,021 - __main__ - INFO - 成功插入第2条数据到后台数据库
2021-09-25 21:46:09,021 - __main__ - INFO - 开始录入第3人的翻堆数据......
2021-09-25 21:46:17,803 - __main__ - INFO - 姓名：黄伟林
2021-09-25 21:46:21,934 - __main__ - INFO - 板数：33
2021-09-25 21:46:27,475 - __main__ - INFO - 散件：157,155
2021-09-25 21:46:27,475 - __main__ - INFO - 记录信息：||3 ||2021-09-25 ||黄伟林 ||34 ||114 ||33 ||157,155||
2021-09-25 21:46:27,491 - __main__ - INFO - 成功插入第3条数据到后台数据库
2021-09-25 21:46:27,491 - __main__ - INFO - 开始录入第4人的翻堆数据......
2021-09-25 21:46:39,458 - __main__ - INFO - 姓名：刘健全
2021-09-25 21:46:43,675 - __main__ - INFO - 板数：20
2021-09-25 21:46:46,878 - __main__ - INFO - 散件：138
2021-09-25 21:46:46,881 - __main__ - INFO - 记录信息：||4 ||2021-09-25 ||刘健全 ||20 ||138 ||20 ||138||
2021-09-25 21:46:46,890 - __main__ - INFO - 成功插入第4条数据到后台数据库
2021-09-25 21:46:46,890 - __main__ - INFO - 今天录入的数据如下,请仔细核对！
2021-09-25 21:46:46,890 - __main__ - INFO - (81, '2021-09-25', '瞿明', 36, '57', 36, '57', 7185)
2021-09-25 21:46:46,890 - __main__ - INFO - (82, '2021-09-25', '盛文明', 34, '119', 34, '119', 6851)
2021-09-25 21:46:46,890 - __main__ - INFO - (83, '2021-09-25', '黄伟林', 34, '114', 33, '157,155', 6846)
2021-09-25 21:46:46,898 - __main__ - INFO - (84, '2021-09-25', '刘健全', 20, '138', 20, '138', 4098)
2021-09-25 21:46:46,898 - __main__ - INFO - 今天个人总件数合计：24980件。
2021-09-25 21:46:46,898 - __main__ - INFO - 9月份翻堆组个人累计数据汇总如下：
2021-09-25 21:46:46,906 - __main__ - INFO - ||刘健全:出勤20天,共622板,另加119件,总共123275件.
2021-09-25 21:46:46,906 - __main__ - INFO - ||瞿明:出勤18天,共663板,另加120件,总共131394件.
2021-09-25 21:46:46,906 - __main__ - INFO - ||黄伟林:出勤17天,共604板,另加97件,总共119689件.
2021-09-25 21:46:46,906 - __main__ - INFO - ||盛文明:出勤15天,共488板,另加195件,总共96819件.
2021-09-25 21:46:46,906 - __main__ - INFO - ||刘国亮:出勤11天,共333板,另加6件,总共65940件.
2021-09-25 21:46:46,906 - __main__ - INFO - ||周振兴:出勤1天,共27板,另加0件,总共5346件.
2021-09-25 21:46:46,906 - __main__ - INFO - ||陈明友:出勤1天,共25板,另加0件,总共4950件.
2021-09-25 21:46:46,906 - __main__ - INFO - ('刘健全', 20, Decimal('613'), 1901.0, Decimal('123275'))
2021-09-25 21:46:46,906 - __main__ - INFO - ('瞿明', 18, Decimal('657'), 1308.0, Decimal('131394'))
2021-09-25 21:46:46,906 - __main__ - INFO - ('黄伟林', 17, Decimal('598'), 1285.0, Decimal('119689'))
2021-09-25 21:46:46,914 - __main__ - INFO - ('盛文明', 15, Decimal('484'), 987.0, Decimal('96819'))
2021-09-25 21:46:46,914 - __main__ - INFO - ('刘国亮', 11, Decimal('329'), 798.0, Decimal('65940'))
2021-09-25 21:46:46,914 - __main__ - INFO - ('周振兴', 1, Decimal('27'), 0.0, Decimal('5346'))
2021-09-25 21:46:46,914 - __main__ - INFO - ('陈明友', 1, Decimal('25'), 0.0, Decimal('4950'))
2021-09-25 21:46:46,914 - __main__ - INFO - 本月累计总件数：547413件。
2021-09-25 21:46:46,914 - __main__ - INFO - 今日所有翻堆数据均已成功入库，程序结束。
2021-09-25 21:46:46,914 - __main__ - INFO - Program is over. Later this windows should be close.
2021-09-26 14:45:09,994 - __main__ - INFO - 程序启动.......
2021-09-26 14:45:10,018 - __main__ - INFO - 2021-09-26开始数据录入业务操作。
2021-09-26 14:45:10,034 - __main__ - WARNING - 今天尚未录入任何生产数据！
2021-09-26 14:45:12,882 - __main__ - INFO - 开始录入第1人的翻堆数据......
2021-09-26 14:45:18,414 - __main__ - INFO - 姓名：盛文明
2021-09-26 14:45:23,176 - __main__ - INFO - 板数：32
2021-09-26 14:45:25,958 - __main__ - INFO - 散件：177
2021-09-26 14:45:25,958 - __main__ - INFO - 记录信息：||1 ||2021-09-26 ||盛文明 ||32 ||177 ||32 ||177||
2021-09-26 14:45:25,965 - __main__ - INFO - 成功插入第1条数据到后台数据库
2021-09-26 14:45:25,965 - __main__ - INFO - 开始录入第2人的翻堆数据......
2021-09-26 14:45:32,654 - __main__ - INFO - 姓名：黄伟林
2021-09-26 14:45:35,242 - __main__ - INFO - 板数：29
2021-09-26 14:45:44,953 - __main__ - INFO - 散件：118,195
2021-09-26 14:45:44,953 - __main__ - INFO - 记录信息：||2 ||2021-09-26 ||黄伟林 ||30 ||115 ||29 ||118,195||
2021-09-26 14:45:44,953 - __main__ - INFO - 成功插入第2条数据到后台数据库
2021-09-26 14:45:44,953 - __main__ - INFO - 开始录入第3人的翻堆数据......
2021-09-26 14:45:51,634 - __main__ - INFO - 姓名：瞿明
2021-09-26 14:45:54,642 - __main__ - INFO - 板数：36
2021-09-26 14:45:55,357 - __main__ - INFO - 散件：
2021-09-26 14:45:55,357 - __main__ - INFO - 记录信息：||3 ||2021-09-26 ||瞿明 ||36 ||0 ||36 ||||
2021-09-26 14:45:55,372 - __main__ - INFO - 成功插入第3条数据到后台数据库
2021-09-26 14:45:55,372 - __main__ - INFO - 开始录入第4人的翻堆数据......
2021-09-26 14:46:04,615 - __main__ - INFO - 姓名：刘健全
2021-09-26 14:46:06,873 - __main__ - INFO - 板数：22
2021-09-26 14:46:18,049 - __main__ - INFO - 散件：46,121,88
2021-09-26 14:46:18,057 - __main__ - INFO - 记录信息：||4 ||2021-09-26 ||刘健全 ||23 ||57 ||22 ||46,121,88||
2021-09-26 14:46:18,066 - __main__ - INFO - 成功插入第4条数据到后台数据库
2021-09-26 14:46:18,074 - __main__ - INFO - 今天录入的数据如下,请仔细核对！
2021-09-26 14:46:18,074 - __main__ - INFO - (85, '2021-09-26', '盛文明', 32, '177', 32, '177', 6513)
2021-09-26 14:46:18,074 - __main__ - INFO - (86, '2021-09-26', '黄伟林', 30, '115', 29, '118,195', 6055)
2021-09-26 14:46:18,074 - __main__ - INFO - (87, '2021-09-26', '瞿明', 36, '0', 36, '', 7128)
2021-09-26 14:46:18,074 - __main__ - INFO - (88, '2021-09-26', '刘健全', 23, '57', 22, '46,121,88', 4611)
2021-09-26 14:46:18,074 - __main__ - INFO - 今天个人总件数合计：24307件。
2021-09-26 14:46:18,074 - __main__ - INFO - 9月份翻堆组个人累计数据汇总如下：
2021-09-26 14:46:18,074 - __main__ - INFO - ||刘健全:出勤21天,共645板,另加176件,总共127886件.
2021-09-26 14:46:18,074 - __main__ - INFO - ||瞿明:出勤19天,共699板,另加120件,总共138522件.
2021-09-26 14:46:18,082 - __main__ - INFO - ||黄伟林:出勤18天,共635板,另加14件,总共125744件.
2021-09-26 14:46:18,082 - __main__ - INFO - ||盛文明:出勤16天,共521板,另加174件,总共103332件.
2021-09-26 14:46:18,082 - __main__ - INFO - ||刘国亮:出勤11天,共333板,另加6件,总共65940件.
2021-09-26 14:46:18,082 - __main__ - INFO - ||周振兴:出勤1天,共27板,另加0件,总共5346件.
2021-09-26 14:46:18,082 - __main__ - INFO - ||陈明友:出勤1天,共25板,另加0件,总共4950件.
2021-09-26 14:46:18,082 - __main__ - INFO - ('刘健全', 21, Decimal('636'), 1958.0, Decimal('127886'))
2021-09-26 14:46:18,082 - __main__ - INFO - ('瞿明', 19, Decimal('693'), 1308.0, Decimal('138522'))
2021-09-26 14:46:18,082 - __main__ - INFO - ('黄伟林', 18, Decimal('628'), 1400.0, Decimal('125744'))
2021-09-26 14:46:18,082 - __main__ - INFO - ('盛文明', 16, Decimal('516'), 1164.0, Decimal('103332'))
2021-09-26 14:46:18,082 - __main__ - INFO - ('刘国亮', 11, Decimal('329'), 798.0, Decimal('65940'))
2021-09-26 14:46:18,082 - __main__ - INFO - ('周振兴', 1, Decimal('27'), 0.0, Decimal('5346'))
2021-09-26 14:46:18,082 - __main__ - INFO - ('陈明友', 1, Decimal('25'), 0.0, Decimal('4950'))
2021-09-26 14:46:18,082 - __main__ - INFO - 本月累计总件数：571720件。
2021-09-26 14:46:18,082 - __main__ - INFO - 今日所有翻堆数据均已成功入库，程序结束。
2021-09-26 14:46:18,082 - __main__ - INFO - Program is over. Later this windows should be close.
2021-09-27 17:07:05,348 - __main__ - INFO - 程序启动.......
2021-09-27 17:07:05,394 - __main__ - INFO - 2021-09-27开始数据录入业务操作。
2021-09-27 17:07:05,418 - __main__ - WARNING - 今天尚未录入任何生产数据！
2021-09-27 17:07:08,275 - __main__ - INFO - 开始录入第1人的翻堆数据......
2021-09-27 17:07:14,600 - __main__ - INFO - 姓名：瞿明
2021-09-27 17:07:17,859 - __main__ - INFO - 板数：42
2021-09-27 17:07:25,425 - __main__ - INFO - 散件：192,21,22
2021-09-27 17:07:25,433 - __main__ - INFO - 记录信息：||1 ||2021-09-27 ||瞿明 ||43 ||37 ||42 ||192,21,22||
2021-09-27 17:07:25,441 - __main__ - INFO - 成功插入第1条数据到后台数据库
2021-09-27 17:07:25,441 - __main__ - INFO - 开始录入第2人的翻堆数据......
2021-09-27 17:07:33,073 - __main__ - INFO - 姓名：盛文明
2021-09-27 17:07:35,515 - __main__ - INFO - 板数：37
2021-09-27 17:07:40,445 - __main__ - INFO - 散件：29
2021-09-27 17:07:40,445 - __main__ - INFO - 记录信息：||2 ||2021-09-27 ||盛文明 ||37 ||29 ||37 ||29||
2021-09-27 17:07:40,466 - __main__ - INFO - 成功插入第2条数据到后台数据库
2021-09-27 17:07:40,466 - __main__ - INFO - 开始录入第3人的翻堆数据......
2021-09-27 17:07:47,025 - __main__ - INFO - 姓名：黄伟林
2021-09-27 17:07:49,873 - __main__ - INFO - 板数：40
2021-09-27 17:08:11,768 - __main__ - INFO - 散件：85,84,192
2021-09-27 17:08:11,782 - __main__ - INFO - 记录信息：||3 ||2021-09-27 ||黄伟林 ||41 ||163 ||40 ||85,84,192||
2021-09-27 17:08:11,803 - __main__ - INFO - 成功插入第3条数据到后台数据库
2021-09-27 17:08:11,803 - __main__ - INFO - 今天录入的数据如下,请仔细核对！
2021-09-27 17:08:11,811 - __main__ - INFO - (89, '2021-09-27', '瞿明', 43, '37', 42, '192,21,22', 8551)
2021-09-27 17:08:11,811 - __main__ - INFO - (90, '2021-09-27', '盛文明', 37, '29', 37, '29', 7355)
2021-09-27 17:08:11,811 - __main__ - INFO - (91, '2021-09-27', '黄伟林', 41, '163', 40, '85,84,192', 8281)
2021-09-27 17:08:11,811 - __main__ - INFO - 今天个人总件数合计：24187件。
2021-09-27 17:08:11,811 - __main__ - INFO - 9月份翻堆组个人累计数据汇总如下：
2021-09-27 17:08:11,819 - __main__ - INFO - ||刘健全:出勤21天,共645板,另加176件,总共127886件.
2021-09-27 17:08:11,819 - __main__ - INFO - ||瞿明:出勤20天,共742板,另加157件,总共147073件.
2021-09-27 17:08:11,819 - __main__ - INFO - ||黄伟林:出勤19天,共676板,另加177件,总共134025件.
2021-09-27 17:08:11,819 - __main__ - INFO - ||盛文明:出勤17天,共559板,另加5件,总共110687件.
2021-09-27 17:08:11,819 - __main__ - INFO - ||刘国亮:出勤11天,共333板,另加6件,总共65940件.
2021-09-27 17:08:11,819 - __main__ - INFO - ||周振兴:出勤1天,共27板,另加0件,总共5346件.
2021-09-27 17:08:11,819 - __main__ - INFO - ||陈明友:出勤1天,共25板,另加0件,总共4950件.
2021-09-27 17:08:11,819 - __main__ - INFO - ('刘健全', 21, Decimal('636'), 1958.0, Decimal('127886'))
2021-09-27 17:08:11,819 - __main__ - INFO - ('瞿明', 20, Decimal('736'), 1345.0, Decimal('147073'))
2021-09-27 17:08:11,827 - __main__ - INFO - ('黄伟林', 19, Decimal('669'), 1563.0, Decimal('134025'))
2021-09-27 17:08:11,827 - __main__ - INFO - ('盛文明', 17, Decimal('553'), 1193.0, Decimal('110687'))
2021-09-27 17:08:11,827 - __main__ - INFO - ('刘国亮', 11, Decimal('329'), 798.0, Decimal('65940'))
2021-09-27 17:08:11,827 - __main__ - INFO - ('周振兴', 1, Decimal('27'), 0.0, Decimal('5346'))
2021-09-27 17:08:11,827 - __main__ - INFO - ('陈明友', 1, Decimal('25'), 0.0, Decimal('4950'))
2021-09-27 17:08:11,827 - __main__ - INFO - 本月累计总件数：595907件。
2021-09-27 17:08:11,827 - __main__ - INFO - 今日所有翻堆数据均已成功入库，程序结束。
2021-09-27 17:08:11,827 - __main__ - INFO - Program is over. Later this windows should be close.
2021-09-28 19:14:19,512 - __main__ - INFO - 程序启动.......
2021-09-28 19:14:19,536 - __main__ - INFO - 2021-09-28开始数据录入业务操作。
2021-09-28 19:14:19,552 - __main__ - WARNING - 今天尚未录入任何生产数据！
2021-09-28 19:14:22,188 - __main__ - INFO - 开始录入第1人的翻堆数据......
2021-09-28 19:14:35,452 - __main__ - INFO - 姓名：黄伟林
2021-09-28 19:14:41,718 - __main__ - INFO - 板数：39
2021-09-28 19:14:59,790 - __main__ - INFO - 散件：162,35,18,14
2021-09-28 19:14:59,790 - __main__ - INFO - 记录信息：||1 ||2021-09-28 ||黄伟林 ||40 ||31 ||39 ||162,35,18,14||
2021-09-28 19:14:59,799 - __main__ - INFO - 成功插入第1条数据到后台数据库
2021-09-28 19:14:59,799 - __main__ - INFO - 开始录入第2人的翻堆数据......
2021-09-28 19:15:13,700 - __main__ - INFO - 姓名：盛文明
2021-09-28 19:15:18,753 - __main__ - INFO - 板数：41
2021-09-28 19:15:19,213 - __main__ - INFO - 散件：
2021-09-28 19:15:19,213 - __main__ - INFO - 记录信息：||2 ||2021-09-28 ||盛文明 ||41 ||0 ||41 ||||
2021-09-28 19:15:19,225 - __main__ - INFO - 成功插入第2条数据到后台数据库
2021-09-28 19:15:19,225 - __main__ - INFO - 开始录入第3人的翻堆数据......
2021-09-28 19:15:27,551 - __main__ - INFO - 姓名：瞿明
2021-09-28 19:15:31,153 - __main__ - INFO - 板数：43
2021-09-28 19:15:45,037 - __main__ - INFO - 散件：123,109,121
2021-09-28 19:15:45,053 - __main__ - INFO - 记录信息：||3 ||2021-09-28 ||瞿明 ||44 ||155 ||43 ||123,109,121||
2021-09-28 19:15:45,061 - __main__ - INFO - 成功插入第3条数据到后台数据库
2021-09-28 19:15:45,069 - __main__ - INFO - 今天录入的数据如下,请仔细核对！
2021-09-28 19:15:45,069 - __main__ - INFO - (92, '2021-09-28', '黄伟林', 40, '31', 39, '162,35,18,14', 7951)
2021-09-28 19:15:45,069 - __main__ - INFO - (93, '2021-09-28', '盛文明', 41, '0', 41, '', 8118)
2021-09-28 19:15:45,069 - __main__ - INFO - (94, '2021-09-28', '瞿明', 44, '155', 43, '123,109,121', 8867)
2021-09-28 19:15:45,069 - __main__ - INFO - 今天个人总件数合计：24936件。
2021-09-28 19:15:45,069 - __main__ - INFO - 9月份翻堆组个人累计数据汇总如下：
2021-09-28 19:15:45,077 - __main__ - INFO - ||刘健全:出勤21天,共645板,另加176件,总共127886件.
2021-09-28 19:15:45,077 - __main__ - INFO - ||瞿明:出勤21天,共787板,另加114件,总共155940件.
2021-09-28 19:15:45,077 - __main__ - INFO - ||黄伟林:出勤20天,共717板,另加10件,总共141976件.
2021-09-28 19:15:45,077 - __main__ - INFO - ||盛文明:出勤18天,共600板,另加5件,总共118805件.
2021-09-28 19:15:45,077 - __main__ - INFO - ||刘国亮:出勤11天,共333板,另加6件,总共65940件.
2021-09-28 19:15:45,077 - __main__ - INFO - ||周振兴:出勤1天,共27板,另加0件,总共5346件.
2021-09-28 19:15:45,077 - __main__ - INFO - ||陈明友:出勤1天,共25板,另加0件,总共4950件.
2021-09-28 19:15:45,077 - __main__ - INFO - ('刘健全', 21, Decimal('636'), 1958.0, Decimal('127886'))
2021-09-28 19:15:45,077 - __main__ - INFO - ('瞿明', 21, Decimal('780'), 1500.0, Decimal('155940'))
2021-09-28 19:15:45,077 - __main__ - INFO - ('黄伟林', 20, Decimal('709'), 1594.0, Decimal('141976'))
2021-09-28 19:15:45,077 - __main__ - INFO - ('盛文明', 18, Decimal('594'), 1193.0, Decimal('118805'))
2021-09-28 19:15:45,077 - __main__ - INFO - ('刘国亮', 11, Decimal('329'), 798.0, Decimal('65940'))
2021-09-28 19:15:45,077 - __main__ - INFO - ('周振兴', 1, Decimal('27'), 0.0, Decimal('5346'))
2021-09-28 19:15:45,077 - __main__ - INFO - ('陈明友', 1, Decimal('25'), 0.0, Decimal('4950'))
2021-09-28 19:15:45,077 - __main__ - INFO - 本月累计总件数：620843件。
2021-09-28 19:15:45,077 - __main__ - INFO - 今日所有翻堆数据均已成功入库，程序结束。
2021-09-28 19:15:45,077 - __main__ - INFO - Program is over. Later this windows should be close.
2021-09-29 20:40:01,729 - __main__ - INFO - 程序启动.......
2021-09-29 20:40:01,753 - __main__ - INFO - 2021-09-29开始数据录入业务操作。
2021-09-29 20:40:01,769 - __main__ - WARNING - 今天尚未录入任何生产数据！
2021-09-29 20:40:04,878 - __main__ - INFO - 开始录入第1人的翻堆数据......
2021-09-29 20:40:12,495 - __main__ - INFO - 姓名：盛文明
2021-09-29 20:40:17,748 - __main__ - INFO - 板数：23
2021-09-29 20:40:21,581 - __main__ - INFO - 散件：170
2021-09-29 20:40:21,589 - __main__ - INFO - 记录信息：||1 ||2021-09-29 ||盛文明 ||23 ||170 ||23 ||170||
2021-09-29 20:40:21,589 - __main__ - INFO - 成功插入第1条数据到后台数据库
2021-09-29 20:40:21,589 - __main__ - INFO - 开始录入第2人的翻堆数据......
2021-09-29 20:40:29,344 - __main__ - INFO - 姓名：瞿明
2021-09-29 20:40:34,753 - __main__ - INFO - 板数：44
2021-09-29 20:40:46,377 - __main__ - INFO - 散件：196,127
2021-09-29 20:40:46,377 - __main__ - INFO - 记录信息：||2 ||2021-09-29 ||瞿明 ||45 ||125 ||44 ||196,127||
2021-09-29 20:40:46,385 - __main__ - INFO - 成功插入第2条数据到后台数据库
2021-09-29 20:40:46,385 - __main__ - INFO - 开始录入第3人的翻堆数据......
2021-09-29 20:40:56,150 - __main__ - INFO - 姓名：黄伟林
2021-09-29 20:41:01,593 - __main__ - INFO - 板数：38
2021-09-29 20:41:03,214 - __main__ - INFO - 散件：67
2021-09-29 20:41:03,214 - __main__ - INFO - 记录信息：||3 ||2021-09-29 ||黄伟林 ||38 ||67 ||38 ||67||
2021-09-29 20:41:03,232 - __main__ - INFO - 成功插入第3条数据到后台数据库
2021-09-29 20:41:03,232 - __main__ - INFO - 开始录入第4人的翻堆数据......
2021-09-29 20:41:11,025 - __main__ - INFO - 姓名：刘健全
2021-09-29 20:41:16,057 - __main__ - INFO - 板数：31
2021-09-29 20:41:33,733 - __main__ - INFO - 散件：21,31,43
2021-09-29 20:41:33,733 - __main__ - INFO - 记录信息：||4 ||2021-09-29 ||刘健全 ||31 ||95 ||31 ||21,31,43||
2021-09-29 20:41:33,755 - __main__ - INFO - 成功插入第4条数据到后台数据库
2021-09-29 20:41:33,760 - __main__ - INFO - 今天录入的数据如下,请仔细核对！
2021-09-29 20:41:33,760 - __main__ - INFO - (95, '2021-09-29', '盛文明', 23, '170', 23, '170', 4724)
2021-09-29 20:41:33,760 - __main__ - INFO - (96, '2021-09-29', '瞿明', 45, '125', 44, '196,127', 9035)
2021-09-29 20:41:33,760 - __main__ - INFO - (97, '2021-09-29', '黄伟林', 38, '67', 38, '67', 7591)
2021-09-29 20:41:33,760 - __main__ - INFO - (98, '2021-09-29', '刘健全', 31, '95', 31, '21,31,43', 6233)
2021-09-29 20:41:33,760 - __main__ - INFO - 今天个人总件数合计：27583件。
2021-09-29 20:41:33,760 - __main__ - INFO - 9月份翻堆组个人累计数据汇总如下：
2021-09-29 20:41:33,769 - __main__ - INFO - ||刘健全:出勤22天,共677板,另加73件,总共134119件.
2021-09-29 20:41:33,769 - __main__ - INFO - ||瞿明:出勤22天,共833板,另加41件,总共164975件.
2021-09-29 20:41:33,769 - __main__ - INFO - ||黄伟林:出勤21天,共755板,另加77件,总共149567件.
2021-09-29 20:41:33,769 - __main__ - INFO - ||盛文明:出勤19天,共623板,另加175件,总共123529件.
2021-09-29 20:41:33,772 - __main__ - INFO - ||刘国亮:出勤11天,共333板,另加6件,总共65940件.
2021-09-29 20:41:33,772 - __main__ - INFO - ||周振兴:出勤1天,共27板,另加0件,总共5346件.
2021-09-29 20:41:33,772 - __main__ - INFO - ||陈明友:出勤1天,共25板,另加0件,总共4950件.
2021-09-29 20:41:33,772 - __main__ - INFO - ('刘健全', 22, Decimal('667'), 2053.0, Decimal('134119'))
2021-09-29 20:41:33,772 - __main__ - INFO - ('瞿明', 22, Decimal('825'), 1625.0, Decimal('164975'))
2021-09-29 20:41:33,772 - __main__ - INFO - ('黄伟林', 21, Decimal('747'), 1661.0, Decimal('149567'))
2021-09-29 20:41:33,772 - __main__ - INFO - ('盛文明', 19, Decimal('617'), 1363.0, Decimal('123529'))
2021-09-29 20:41:33,772 - __main__ - INFO - ('刘国亮', 11, Decimal('329'), 798.0, Decimal('65940'))
2021-09-29 20:41:33,772 - __main__ - INFO - ('周振兴', 1, Decimal('27'), 0.0, Decimal('5346'))
2021-09-29 20:41:33,772 - __main__ - INFO - ('陈明友', 1, Decimal('25'), 0.0, Decimal('4950'))
2021-09-29 20:41:33,772 - __main__ - INFO - 本月累计总件数：648426件。
2021-09-29 20:41:33,772 - __main__ - INFO - 今日所有翻堆数据均已成功入库，程序结束。
2021-09-29 20:41:33,772 - __main__ - INFO - Program is over. Later this windows should be close.
